[2023-11-27 03:32:44,848][worker-0][INFO] Initialized logger with level 10 for worker 0
[2023-11-27 03:32:45,095][worker-0][INFO] Initialized CORS
[2023-11-27 03:32:45,096][worker-0][INFO] App Initialization is finished successfully
[2023-11-27 03:33:06,031][worker-0][ERROR] [Errno 2] No such file or directory: '/Users/sandeepkumarrudhravaram/UNTMastersProjects/pdf_analyzer_prodv1/pdfimages/2711202303330505932'
Traceback (most recent call last):
  File "/Users/sandeepkumarrudhravaram/UNTMastersProjects/pdf_analyzer_prodv1/portal/views.py", line 148, in upload_bill
    image_info_dict,final_list_of_rsa=get_image_resolution_aspect_ratio(os.path.join(images_path_of_pdf, process_id))
  File "/Users/sandeepkumarrudhravaram/UNTMastersProjects/pdf_analyzer_prodv1/portal/packages/__init__.py", line 358, in get_image_resolution_aspect_ratio
    for filename in os.listdir(folder_path):
FileNotFoundError: [Errno 2] No such file or directory: '/Users/sandeepkumarrudhravaram/UNTMastersProjects/pdf_analyzer_prodv1/pdfimages/2711202303330505932'
[2023-11-27 03:34:50,935][worker-0][INFO] Initialized logger with level 10 for worker 0
[2023-11-27 03:34:51,206][worker-0][INFO] Initialized CORS
[2023-11-27 03:34:51,207][worker-0][INFO] App Initialization is finished successfully
[2023-11-27 03:40:43,642][worker-0][INFO] Initialized logger with level 10 for worker 0
[2023-11-27 03:40:43,847][worker-0][INFO] Initialized CORS
[2023-11-27 03:40:43,848][worker-0][INFO] App Initialization is finished successfully
[2023-11-27 03:41:07,138][worker-0][INFO] Initialized logger with level 10 for worker 0
[2023-11-27 03:41:07,323][worker-0][INFO] Initialized CORS
[2023-11-27 03:41:07,324][worker-0][INFO] App Initialization is finished successfully
[2023-11-27 03:44:07,800][worker-0][INFO] Initialized logger with level 10 for worker 0
[2023-11-27 03:44:07,996][worker-0][INFO] Initialized CORS
[2023-11-27 03:44:07,996][worker-0][INFO] App Initialization is finished successfully
[2023-11-27 04:00:29,854][worker-0][INFO] Initialized logger with level 10 for worker 0
[2023-11-27 04:00:30,335][worker-0][INFO] Initialized CORS
[2023-11-27 04:00:30,336][worker-0][INFO] App Initialization is finished successfully
[2023-11-27 04:00:46,755][worker-0][ERROR] get_image_contarct() missing 1 required positional argument: 'image_path'
Traceback (most recent call last):
  File "/Users/sandeepkumarrudhravaram/UNTMastersProjects/pdf_analyzer_prodv1/portal/views.py", line 148, in upload_bill
    image_info_dict,final_list_of_rsa=get_image_resolution_aspect_ratio(os.path.join(images_path_of_pdf, process_id))
  File "/Users/sandeepkumarrudhravaram/UNTMastersProjects/pdf_analyzer_prodv1/portal/packages/__init__.py", line 367, in get_image_resolution_aspect_ratio
    sharpness, file_size_mb = get_image_contarct()
TypeError: get_image_contarct() missing 1 required positional argument: 'image_path'
[2023-11-27 04:00:57,138][worker-0][INFO] Initialized logger with level 10 for worker 0
[2023-11-27 04:00:57,540][worker-0][INFO] Initialized CORS
[2023-11-27 04:00:57,540][worker-0][INFO] App Initialization is finished successfully
[2023-11-27 04:01:45,531][worker-0][INFO] Initialized logger with level 10 for worker 0
[2023-11-27 04:01:45,928][worker-0][INFO] Initialized CORS
[2023-11-27 04:01:45,928][worker-0][INFO] App Initialization is finished successfully
[2023-11-27 04:02:59,835][worker-0][INFO] Initialized logger with level 10 for worker 0
[2023-11-27 04:03:00,341][worker-0][INFO] Initialized CORS
[2023-11-27 04:03:00,341][worker-0][INFO] App Initialization is finished successfully
[2023-11-27 04:03:49,732][worker-0][INFO] Initialized logger with level 10 for worker 0
[2023-11-27 04:03:50,212][worker-0][INFO] Initialized CORS
[2023-11-27 04:03:50,213][worker-0][INFO] App Initialization is finished successfully
[2023-11-27 12:25:45,718][worker-0][INFO] Initialized logger with level 10 for worker 0
[2023-11-27 12:25:47,151][worker-0][INFO] Initialized CORS
[2023-11-27 12:25:47,152][worker-0][INFO] App Initialization is finished successfully
[2023-11-27 12:36:21,422][worker-0][INFO] Initialized logger with level 10 for worker 0
[2023-11-27 12:36:22,025][worker-0][INFO] Initialized CORS
[2023-11-27 12:36:22,027][worker-0][INFO] App Initialization is finished successfully
[2023-11-27 12:39:59,725][worker-0][INFO] Initialized logger with level 10 for worker 0
[2023-11-27 12:40:00,154][worker-0][INFO] Initialized CORS
[2023-11-27 12:40:00,154][worker-0][INFO] App Initialization is finished successfully
[2023-11-27 12:40:33,156][worker-0][INFO] Initialized logger with level 10 for worker 0
[2023-11-27 12:40:33,551][worker-0][INFO] Initialized CORS
[2023-11-27 12:40:33,552][worker-0][INFO] App Initialization is finished successfully
[2023-11-27 12:41:41,076][worker-0][INFO] Initialized logger with level 10 for worker 0
[2023-11-27 12:41:41,501][worker-0][INFO] Initialized CORS
[2023-11-27 12:41:41,501][worker-0][INFO] App Initialization is finished successfully
[2023-11-27 21:09:55,367][worker-0][INFO] Initialized logger with level 10 for worker 0
[2023-11-27 21:09:55,938][worker-0][INFO] Initialized CORS
[2023-11-27 21:09:55,939][worker-0][INFO] App Initialization is finished successfully
[2023-11-27 21:10:15,643][worker-0][INFO] Initialized logger with level 10 for worker 0
[2023-11-27 21:10:15,942][worker-0][INFO] Initialized CORS
[2023-11-27 21:10:15,942][worker-0][INFO] App Initialization is finished successfully
[2023-11-27 21:30:16,645][worker-0][INFO] Initialized logger with level 10 for worker 0
[2023-11-27 21:30:17,101][worker-0][INFO] Initialized CORS
[2023-11-27 21:30:17,101][worker-0][INFO] App Initialization is finished successfully
[2023-11-27 21:30:40,337][worker-0][INFO] Initialized logger with level 10 for worker 0
[2023-11-27 21:30:40,636][worker-0][INFO] Initialized CORS
[2023-11-27 21:30:40,636][worker-0][INFO] App Initialization is finished successfully
[2023-11-27 21:31:33,532][worker-0][INFO] Initialized logger with level 10 for worker 0
[2023-11-27 21:31:33,963][worker-0][INFO] Initialized CORS
[2023-11-27 21:31:33,963][worker-0][INFO] App Initialization is finished successfully
[2023-11-27 21:31:51,559][worker-0][INFO] Initialized logger with level 10 for worker 0
[2023-11-27 21:31:51,933][worker-0][INFO] Initialized CORS
[2023-11-27 21:31:51,934][worker-0][INFO] App Initialization is finished successfully
[2023-11-27 21:32:15,885][worker-0][INFO] Initialized logger with level 10 for worker 0
[2023-11-27 21:32:16,178][worker-0][INFO] Initialized CORS
[2023-11-27 21:32:16,179][worker-0][INFO] App Initialization is finished successfully
[2023-11-27 21:37:14,693][worker-0][INFO] Initialized logger with level 10 for worker 0
[2023-11-27 21:37:15,112][worker-0][INFO] Initialized CORS
[2023-11-27 21:37:15,113][worker-0][INFO] App Initialization is finished successfully
[2023-11-27 21:37:53,554][worker-0][INFO] Initialized logger with level 10 for worker 0
[2023-11-27 21:37:53,917][worker-0][INFO] Initialized CORS
[2023-11-27 21:37:53,918][worker-0][INFO] App Initialization is finished successfully
[2023-11-27 21:41:56,597][worker-0][INFO] Initialized logger with level 10 for worker 0
[2023-11-27 21:41:56,994][worker-0][INFO] Initialized CORS
[2023-11-27 21:41:56,994][worker-0][INFO] App Initialization is finished successfully
[2023-11-27 21:42:24,343][worker-0][INFO] Initialized logger with level 10 for worker 0
[2023-11-27 21:42:24,691][worker-0][INFO] Initialized CORS
[2023-11-27 21:42:24,691][worker-0][INFO] App Initialization is finished successfully
[2023-11-27 21:42:55,892][worker-0][INFO] Initialized logger with level 10 for worker 0
[2023-11-27 21:42:56,285][worker-0][INFO] Initialized CORS
[2023-11-27 21:42:56,286][worker-0][INFO] App Initialization is finished successfully
[2023-11-27 21:44:18,456][worker-0][INFO] Initialized logger with level 10 for worker 0
[2023-11-27 21:44:18,853][worker-0][INFO] Initialized CORS
[2023-11-27 21:44:18,854][worker-0][INFO] App Initialization is finished successfully
[2023-11-28 00:19:23,685][worker-0][INFO] Initialized logger with level 10 for worker 0
[2023-11-28 00:19:24,710][worker-0][INFO] Initialized CORS
[2023-11-28 00:19:24,710][worker-0][INFO] App Initialization is finished successfully
[2023-11-28 00:19:41,787][worker-0][INFO] Initialized logger with level 10 for worker 0
[2023-11-28 00:19:42,313][worker-0][INFO] Initialized CORS
[2023-11-28 00:19:42,313][worker-0][INFO] App Initialization is finished successfully
[2023-12-01 23:34:03,226][worker-0][INFO] Initialized logger with level 10 for worker 0
[2023-12-01 23:34:03,730][worker-0][INFO] Initialized CORS
[2023-12-01 23:34:03,730][worker-0][INFO] App Initialization is finished successfully
[2023-12-02 00:00:05,478][worker-0][INFO] Initialized logger with level 10 for worker 0
[2023-12-02 00:00:06,363][worker-0][INFO] Initialized CORS
[2023-12-02 00:00:06,364][worker-0][INFO] App Initialization is finished successfully
[2023-12-02 00:00:49,085][worker-0][INFO] Initialized logger with level 10 for worker 0
[2023-12-02 00:00:49,797][worker-0][INFO] Initialized CORS
[2023-12-02 00:00:49,798][worker-0][INFO] App Initialization is finished successfully
[2023-12-02 00:02:16,816][worker-0][INFO] Initialized logger with level 10 for worker 0
[2023-12-02 00:02:17,438][worker-0][INFO] Initialized CORS
[2023-12-02 00:02:17,438][worker-0][INFO] App Initialization is finished successfully
[2023-12-02 00:18:16,115][worker-0][INFO] Initialized logger with level 10 for worker 0
[2023-12-02 00:18:16,830][worker-0][INFO] Initialized CORS
[2023-12-02 00:18:16,830][worker-0][INFO] App Initialization is finished successfully
[2023-12-02 00:21:50,485][worker-0][INFO] Initialized logger with level 10 for worker 0
[2023-12-02 00:21:51,159][worker-0][INFO] Initialized CORS
[2023-12-02 00:21:51,159][worker-0][INFO] App Initialization is finished successfully
[2023-12-02 00:24:19,694][worker-0][INFO] Initialized logger with level 10 for worker 0
[2023-12-02 00:24:20,399][worker-0][INFO] Initialized CORS
[2023-12-02 00:24:20,400][worker-0][INFO] App Initialization is finished successfully
[2023-12-02 00:25:01,648][worker-0][ERROR] Object of type ndarray is not JSON serializable
Traceback (most recent call last):
  File "/Users/sandeepkumarrudhravaram/UNTMastersProjects/pdf_analyzer_prodv1/portal/views.py", line 186, in upload_bill
    json.dump(final_json_, file)
  File "/Users/sandeepkumarrudhravaram/opt/anaconda3/envs/pdf_analyzer_v1/lib/python3.9/json/__init__.py", line 179, in dump
    for chunk in iterable:
  File "/Users/sandeepkumarrudhravaram/opt/anaconda3/envs/pdf_analyzer_v1/lib/python3.9/json/encoder.py", line 431, in _iterencode
    yield from _iterencode_dict(o, _current_indent_level)
  File "/Users/sandeepkumarrudhravaram/opt/anaconda3/envs/pdf_analyzer_v1/lib/python3.9/json/encoder.py", line 405, in _iterencode_dict
    yield from chunks
  File "/Users/sandeepkumarrudhravaram/opt/anaconda3/envs/pdf_analyzer_v1/lib/python3.9/json/encoder.py", line 325, in _iterencode_list
    yield from chunks
  File "/Users/sandeepkumarrudhravaram/opt/anaconda3/envs/pdf_analyzer_v1/lib/python3.9/json/encoder.py", line 325, in _iterencode_list
    yield from chunks
  File "/Users/sandeepkumarrudhravaram/opt/anaconda3/envs/pdf_analyzer_v1/lib/python3.9/json/encoder.py", line 438, in _iterencode
    o = _default(o)
  File "/Users/sandeepkumarrudhravaram/opt/anaconda3/envs/pdf_analyzer_v1/lib/python3.9/json/encoder.py", line 179, in default
    raise TypeError(f'Object of type {o.__class__.__name__} '
TypeError: Object of type ndarray is not JSON serializable
[2023-12-02 00:26:50,551][worker-0][INFO] Initialized logger with level 10 for worker 0
[2023-12-02 00:26:51,314][worker-0][INFO] Initialized CORS
[2023-12-02 00:26:51,314][worker-0][INFO] App Initialization is finished successfully
[2023-12-02 00:27:33,440][worker-0][ERROR] Object of type ndarray is not JSON serializable
Traceback (most recent call last):
  File "/Users/sandeepkumarrudhravaram/UNTMastersProjects/pdf_analyzer_prodv1/portal/views.py", line 190, in upload_bill
    json.dump(top_colors_list_, file)
  File "/Users/sandeepkumarrudhravaram/opt/anaconda3/envs/pdf_analyzer_v1/lib/python3.9/json/__init__.py", line 179, in dump
    for chunk in iterable:
  File "/Users/sandeepkumarrudhravaram/opt/anaconda3/envs/pdf_analyzer_v1/lib/python3.9/json/encoder.py", line 431, in _iterencode
    yield from _iterencode_dict(o, _current_indent_level)
  File "/Users/sandeepkumarrudhravaram/opt/anaconda3/envs/pdf_analyzer_v1/lib/python3.9/json/encoder.py", line 405, in _iterencode_dict
    yield from chunks
  File "/Users/sandeepkumarrudhravaram/opt/anaconda3/envs/pdf_analyzer_v1/lib/python3.9/json/encoder.py", line 325, in _iterencode_list
    yield from chunks
  File "/Users/sandeepkumarrudhravaram/opt/anaconda3/envs/pdf_analyzer_v1/lib/python3.9/json/encoder.py", line 325, in _iterencode_list
    yield from chunks
  File "/Users/sandeepkumarrudhravaram/opt/anaconda3/envs/pdf_analyzer_v1/lib/python3.9/json/encoder.py", line 438, in _iterencode
    o = _default(o)
  File "/Users/sandeepkumarrudhravaram/opt/anaconda3/envs/pdf_analyzer_v1/lib/python3.9/json/encoder.py", line 179, in default
    raise TypeError(f'Object of type {o.__class__.__name__} '
TypeError: Object of type ndarray is not JSON serializable
[2023-12-02 00:27:53,146][worker-0][INFO] Initialized logger with level 10 for worker 0
[2023-12-02 00:27:53,896][worker-0][INFO] Initialized CORS
[2023-12-02 00:27:53,896][worker-0][INFO] App Initialization is finished successfully
[2023-12-02 00:28:48,130][worker-0][ERROR] Object of type ndarray is not JSON serializable
Traceback (most recent call last):
  File "/Users/sandeepkumarrudhravaram/UNTMastersProjects/pdf_analyzer_prodv1/portal/views.py", line 190, in upload_bill
    json.dump(top_colors_list_, file)
  File "/Users/sandeepkumarrudhravaram/opt/anaconda3/envs/pdf_analyzer_v1/lib/python3.9/json/__init__.py", line 179, in dump
    for chunk in iterable:
  File "/Users/sandeepkumarrudhravaram/opt/anaconda3/envs/pdf_analyzer_v1/lib/python3.9/json/encoder.py", line 431, in _iterencode
    yield from _iterencode_dict(o, _current_indent_level)
  File "/Users/sandeepkumarrudhravaram/opt/anaconda3/envs/pdf_analyzer_v1/lib/python3.9/json/encoder.py", line 405, in _iterencode_dict
    yield from chunks
  File "/Users/sandeepkumarrudhravaram/opt/anaconda3/envs/pdf_analyzer_v1/lib/python3.9/json/encoder.py", line 325, in _iterencode_list
    yield from chunks
  File "/Users/sandeepkumarrudhravaram/opt/anaconda3/envs/pdf_analyzer_v1/lib/python3.9/json/encoder.py", line 325, in _iterencode_list
    yield from chunks
  File "/Users/sandeepkumarrudhravaram/opt/anaconda3/envs/pdf_analyzer_v1/lib/python3.9/json/encoder.py", line 325, in _iterencode_list
    yield from chunks
  File "/Users/sandeepkumarrudhravaram/opt/anaconda3/envs/pdf_analyzer_v1/lib/python3.9/json/encoder.py", line 438, in _iterencode
    o = _default(o)
  File "/Users/sandeepkumarrudhravaram/opt/anaconda3/envs/pdf_analyzer_v1/lib/python3.9/json/encoder.py", line 179, in default
    raise TypeError(f'Object of type {o.__class__.__name__} '
TypeError: Object of type ndarray is not JSON serializable
[2023-12-02 00:29:27,952][worker-0][INFO] Initialized logger with level 10 for worker 0
[2023-12-02 00:29:28,665][worker-0][INFO] Initialized CORS
[2023-12-02 00:29:28,665][worker-0][INFO] App Initialization is finished successfully
[2023-12-02 00:30:09,457][worker-0][ERROR] Object of type ndarray is not JSON serializable
Traceback (most recent call last):
  File "/Users/sandeepkumarrudhravaram/UNTMastersProjects/pdf_analyzer_prodv1/portal/views.py", line 193, in upload_bill
    json.dump(top_colors_list_, file)
  File "/Users/sandeepkumarrudhravaram/opt/anaconda3/envs/pdf_analyzer_v1/lib/python3.9/json/__init__.py", line 179, in dump
    for chunk in iterable:
  File "/Users/sandeepkumarrudhravaram/opt/anaconda3/envs/pdf_analyzer_v1/lib/python3.9/json/encoder.py", line 431, in _iterencode
    yield from _iterencode_dict(o, _current_indent_level)
  File "/Users/sandeepkumarrudhravaram/opt/anaconda3/envs/pdf_analyzer_v1/lib/python3.9/json/encoder.py", line 405, in _iterencode_dict
    yield from chunks
  File "/Users/sandeepkumarrudhravaram/opt/anaconda3/envs/pdf_analyzer_v1/lib/python3.9/json/encoder.py", line 325, in _iterencode_list
    yield from chunks
  File "/Users/sandeepkumarrudhravaram/opt/anaconda3/envs/pdf_analyzer_v1/lib/python3.9/json/encoder.py", line 325, in _iterencode_list
    yield from chunks
  File "/Users/sandeepkumarrudhravaram/opt/anaconda3/envs/pdf_analyzer_v1/lib/python3.9/json/encoder.py", line 325, in _iterencode_list
    yield from chunks
  File "/Users/sandeepkumarrudhravaram/opt/anaconda3/envs/pdf_analyzer_v1/lib/python3.9/json/encoder.py", line 438, in _iterencode
    o = _default(o)
  File "/Users/sandeepkumarrudhravaram/opt/anaconda3/envs/pdf_analyzer_v1/lib/python3.9/json/encoder.py", line 179, in default
    raise TypeError(f'Object of type {o.__class__.__name__} '
TypeError: Object of type ndarray is not JSON serializable
[2023-12-02 00:31:33,670][worker-0][INFO] Initialized logger with level 10 for worker 0
[2023-12-02 00:31:34,409][worker-0][INFO] Initialized CORS
[2023-12-02 00:31:34,409][worker-0][INFO] App Initialization is finished successfully
[2023-12-02 00:32:16,904][worker-0][ERROR] 'list' object has no attribute 'tolist'
Traceback (most recent call last):
  File "/Users/sandeepkumarrudhravaram/UNTMastersProjects/pdf_analyzer_prodv1/portal/views.py", line 160, in upload_bill
    top_colors_list=top_colors_list.tolist()
AttributeError: 'list' object has no attribute 'tolist'
[2023-12-02 00:33:24,905][worker-0][INFO] Initialized logger with level 10 for worker 0
[2023-12-02 00:33:25,665][worker-0][INFO] Initialized CORS
[2023-12-02 00:33:25,666][worker-0][INFO] App Initialization is finished successfully
[2023-12-02 00:36:22,075][worker-0][INFO] Initialized logger with level 10 for worker 0
[2023-12-02 00:36:22,782][worker-0][INFO] Initialized CORS
[2023-12-02 00:36:22,782][worker-0][INFO] App Initialization is finished successfully
[2023-12-02 00:40:36,998][worker-0][INFO] Initialized logger with level 10 for worker 0
[2023-12-02 00:40:37,786][worker-0][INFO] Initialized CORS
[2023-12-02 00:40:37,787][worker-0][INFO] App Initialization is finished successfully
[2023-12-02 00:41:21,261][worker-0][ERROR] write() argument must be str, not list
Traceback (most recent call last):
  File "/Users/sandeepkumarrudhravaram/UNTMastersProjects/pdf_analyzer_prodv1/portal/views.py", line 188, in upload_bill
    file.write(top_colors_list)
TypeError: write() argument must be str, not list
[2023-12-02 00:44:07,682][worker-0][INFO] Initialized logger with level 10 for worker 0
[2023-12-02 00:44:08,550][worker-0][INFO] Initialized CORS
[2023-12-02 00:44:08,550][worker-0][INFO] App Initialization is finished successfully
[2023-12-02 00:44:53,794][worker-0][ERROR] Object of type ndarray is not JSON serializable
Traceback (most recent call last):
  File "/Users/sandeepkumarrudhravaram/UNTMastersProjects/pdf_analyzer_prodv1/portal/views.py", line 188, in upload_bill
    json.dump(top_colors_list, file)
  File "/Users/sandeepkumarrudhravaram/opt/anaconda3/envs/pdf_analyzer_v1/lib/python3.9/json/__init__.py", line 179, in dump
    for chunk in iterable:
  File "/Users/sandeepkumarrudhravaram/opt/anaconda3/envs/pdf_analyzer_v1/lib/python3.9/json/encoder.py", line 429, in _iterencode
    yield from _iterencode_list(o, _current_indent_level)
  File "/Users/sandeepkumarrudhravaram/opt/anaconda3/envs/pdf_analyzer_v1/lib/python3.9/json/encoder.py", line 325, in _iterencode_list
    yield from chunks
  File "/Users/sandeepkumarrudhravaram/opt/anaconda3/envs/pdf_analyzer_v1/lib/python3.9/json/encoder.py", line 325, in _iterencode_list
    yield from chunks
  File "/Users/sandeepkumarrudhravaram/opt/anaconda3/envs/pdf_analyzer_v1/lib/python3.9/json/encoder.py", line 438, in _iterencode
    o = _default(o)
  File "/Users/sandeepkumarrudhravaram/opt/anaconda3/envs/pdf_analyzer_v1/lib/python3.9/json/encoder.py", line 179, in default
    raise TypeError(f'Object of type {o.__class__.__name__} '
TypeError: Object of type ndarray is not JSON serializable
[2023-12-02 00:50:42,106][worker-0][INFO] Initialized logger with level 10 for worker 0
[2023-12-02 00:50:42,799][worker-0][INFO] Initialized CORS
[2023-12-02 00:50:42,799][worker-0][INFO] App Initialization is finished successfully
[2023-12-02 00:51:50,958][worker-0][INFO] Initialized logger with level 10 for worker 0
[2023-12-02 00:51:51,692][worker-0][INFO] Initialized CORS
[2023-12-02 00:51:51,693][worker-0][INFO] App Initialization is finished successfully
[2023-12-02 00:53:36,890][worker-0][INFO] Initialized logger with level 10 for worker 0
[2023-12-02 00:53:37,537][worker-0][INFO] Initialized CORS
[2023-12-02 00:53:37,537][worker-0][INFO] App Initialization is finished successfully
[2023-12-02 00:56:36,277][worker-0][INFO] Initialized logger with level 10 for worker 0
[2023-12-02 00:56:36,914][worker-0][INFO] Initialized CORS
[2023-12-02 00:56:36,914][worker-0][INFO] App Initialization is finished successfully
[2023-12-02 00:59:14,143][worker-0][INFO] Initialized logger with level 10 for worker 0
[2023-12-02 00:59:14,777][worker-0][INFO] Initialized CORS
[2023-12-02 00:59:14,777][worker-0][INFO] App Initialization is finished successfully
[2023-12-02 00:59:33,317][worker-0][INFO] Initialized logger with level 10 for worker 0
[2023-12-02 00:59:33,905][worker-0][INFO] Initialized CORS
[2023-12-02 00:59:33,905][worker-0][INFO] App Initialization is finished successfully
[2023-12-02 01:01:20,712][worker-0][INFO] Initialized logger with level 10 for worker 0
[2023-12-02 01:01:21,321][worker-0][INFO] Initialized CORS
[2023-12-02 01:01:21,322][worker-0][INFO] App Initialization is finished successfully
[2023-12-02 01:10:41,730][worker-0][INFO] Initialized logger with level 10 for worker 0
[2023-12-02 01:10:42,392][worker-0][INFO] Initialized CORS
[2023-12-02 01:10:42,392][worker-0][INFO] App Initialization is finished successfully
[2023-12-02 01:11:42,457][worker-0][INFO] Initialized logger with level 10 for worker 0
[2023-12-02 01:11:43,095][worker-0][INFO] Initialized CORS
[2023-12-02 01:11:43,095][worker-0][INFO] App Initialization is finished successfully
[2023-12-02 01:12:01,969][worker-0][INFO] Initialized logger with level 10 for worker 0
[2023-12-02 01:12:02,533][worker-0][INFO] Initialized CORS
[2023-12-02 01:12:02,533][worker-0][INFO] App Initialization is finished successfully
[2023-12-02 01:21:05,625][worker-0][INFO] Initialized logger with level 10 for worker 0
[2023-12-02 01:21:06,411][worker-0][INFO] Initialized CORS
[2023-12-02 01:21:06,412][worker-0][INFO] App Initialization is finished successfully
[2023-12-02 01:26:13,036][worker-0][INFO] Initialized logger with level 10 for worker 0
[2023-12-02 01:26:14,176][worker-0][INFO] Initialized CORS
[2023-12-02 01:26:14,180][worker-0][INFO] App Initialization is finished successfully
[2023-12-02 01:26:53,491][worker-0][INFO] Initialized logger with level 10 for worker 0
[2023-12-02 01:26:54,174][worker-0][INFO] Initialized CORS
[2023-12-02 01:26:54,174][worker-0][INFO] App Initialization is finished successfully
[2023-12-02 01:28:26,872][worker-0][INFO] Initialized logger with level 10 for worker 0
[2023-12-02 01:28:27,585][worker-0][INFO] Initialized CORS
[2023-12-02 01:28:27,586][worker-0][INFO] App Initialization is finished successfully
[2023-12-02 03:39:54,217][worker-0][INFO] Initialized logger with level 10 for worker 0
[2023-12-02 03:39:55,835][worker-0][INFO] Initialized CORS
[2023-12-02 03:39:55,835][worker-0][INFO] App Initialization is finished successfully
[2023-12-02 03:47:45,776][worker-0][INFO] Initialized logger with level 10 for worker 0
[2023-12-02 03:47:47,005][worker-0][INFO] Initialized CORS
[2023-12-02 03:47:47,006][worker-0][INFO] App Initialization is finished successfully
[2023-12-02 03:47:58,986][worker-0][INFO] Initialized logger with level 10 for worker 0
[2023-12-02 03:47:59,800][worker-0][INFO] Initialized CORS
[2023-12-02 03:47:59,801][worker-0][INFO] App Initialization is finished successfully
[2023-12-02 03:48:22,035][worker-0][ERROR] cannot unpack non-iterable float object
Traceback (most recent call last):
  File "/Users/sandeepkumarrudhravaram/UNTMastersProjects/pdf_analyzer_prodv1/portal/views.py", line 150, in upload_bill
    image_info_dict, final_list_of_rsa = get_image_resolution_aspect_ratio(
  File "/Users/sandeepkumarrudhravaram/UNTMastersProjects/pdf_analyzer_prodv1/portal/packages/__init__.py", line 371, in get_image_resolution_aspect_ratio
    sharpness, file_size_mb = get_image_contarct(image_path)
TypeError: cannot unpack non-iterable float object
[2023-12-02 03:49:24,686][worker-0][INFO] Initialized logger with level 10 for worker 0
[2023-12-02 03:49:25,434][worker-0][INFO] Initialized CORS
[2023-12-02 03:49:25,435][worker-0][INFO] App Initialization is finished successfully
[2023-12-02 03:50:35,193][worker-0][INFO] Initialized logger with level 10 for worker 0
[2023-12-02 03:50:35,967][worker-0][INFO] Initialized CORS
[2023-12-02 03:50:35,968][worker-0][INFO] App Initialization is finished successfully
[2023-12-02 03:51:57,602][worker-0][INFO] Initialized logger with level 10 for worker 0
[2023-12-02 03:51:58,257][worker-0][INFO] Initialized CORS
[2023-12-02 03:51:58,257][worker-0][INFO] App Initialization is finished successfully
[2023-12-02 03:58:54,936][worker-0][INFO] Initialized logger with level 10 for worker 0
[2023-12-02 03:58:55,799][worker-0][INFO] Initialized CORS
[2023-12-02 03:58:55,799][worker-0][INFO] App Initialization is finished successfully
[2023-12-02 04:01:33,747][worker-0][INFO] Initialized logger with level 10 for worker 0
[2023-12-02 04:01:34,501][worker-0][INFO] Initialized CORS
[2023-12-02 04:01:34,502][worker-0][INFO] App Initialization is finished successfully
[2023-12-02 04:05:32,366][worker-0][INFO] Initialized logger with level 10 for worker 0
[2023-12-02 04:05:33,131][worker-0][INFO] Initialized CORS
[2023-12-02 04:05:33,132][worker-0][INFO] App Initialization is finished successfully
[2023-12-02 04:05:56,112][worker-0][INFO] Initialized logger with level 10 for worker 0
[2023-12-02 04:05:56,780][worker-0][INFO] Initialized CORS
[2023-12-02 04:05:56,780][worker-0][INFO] App Initialization is finished successfully
[2023-12-02 04:10:06,608][worker-0][INFO] Initialized logger with level 10 for worker 0
[2023-12-02 04:10:07,439][worker-0][INFO] Initialized CORS
[2023-12-02 04:10:07,439][worker-0][INFO] App Initialization is finished successfully
[2023-12-02 04:13:11,275][worker-0][INFO] Initialized logger with level 10 for worker 0
[2023-12-02 04:13:12,158][worker-0][INFO] Initialized CORS
[2023-12-02 04:13:12,159][worker-0][INFO] App Initialization is finished successfully
[2023-12-02 04:31:48,957][worker-0][INFO] Initialized logger with level 10 for worker 0
[2023-12-02 04:31:50,398][worker-0][INFO] Initialized CORS
[2023-12-02 04:31:50,398][worker-0][INFO] App Initialization is finished successfully
[2023-12-02 04:32:55,712][worker-0][INFO] Initialized logger with level 10 for worker 0
[2023-12-02 04:32:56,938][worker-0][INFO] Initialized CORS
[2023-12-02 04:32:56,938][worker-0][INFO] App Initialization is finished successfully
[2023-12-02 04:33:46,114][worker-0][INFO] Initialized logger with level 10 for worker 0
[2023-12-02 04:33:47,291][worker-0][INFO] Initialized CORS
[2023-12-02 04:33:47,292][worker-0][INFO] App Initialization is finished successfully
[2023-12-02 04:39:01,938][worker-0][INFO] Initialized logger with level 10 for worker 0
[2023-12-02 04:39:03,653][worker-0][INFO] Initialized CORS
[2023-12-02 04:39:03,654][worker-0][INFO] App Initialization is finished successfully
[2023-12-02 04:41:25,535][worker-0][INFO] Initialized logger with level 10 for worker 0
[2023-12-02 04:41:26,477][worker-0][INFO] Initialized CORS
[2023-12-02 04:41:26,477][worker-0][INFO] App Initialization is finished successfully
[2023-12-02 04:42:18,655][worker-0][INFO] Initialized logger with level 10 for worker 0
[2023-12-02 04:42:19,389][worker-0][INFO] Initialized CORS
[2023-12-02 04:42:19,390][worker-0][INFO] App Initialization is finished successfully
[2023-12-02 04:44:37,110][worker-0][INFO] Initialized logger with level 10 for worker 0
[2023-12-02 04:44:37,861][worker-0][INFO] Initialized CORS
[2023-12-02 04:44:37,861][worker-0][INFO] App Initialization is finished successfully
[2023-12-02 04:47:58,561][worker-0][INFO] Initialized logger with level 10 for worker 0
[2023-12-02 04:48:00,420][worker-0][INFO] Initialized CORS
[2023-12-02 04:48:00,420][worker-0][INFO] App Initialization is finished successfully
[2023-12-08 19:45:11,357][worker-0][INFO] Initialized logger with level 10 for worker 0
[2023-12-08 19:45:12,492][worker-0][INFO] Initialized CORS
[2023-12-08 19:45:12,493][worker-0][INFO] App Initialization is finished successfully
[2023-12-08 20:45:48,429][worker-0][INFO] Initialized logger with level 10 for worker 0
[2023-12-08 20:45:49,650][worker-0][INFO] Initialized CORS
[2023-12-08 20:45:49,650][worker-0][INFO] App Initialization is finished successfully
[2023-12-08 21:01:25,003][worker-0][INFO] Initialized logger with level 10 for worker 0
[2023-12-08 21:01:26,377][worker-0][INFO] Initialized CORS
[2023-12-08 21:01:26,377][worker-0][INFO] App Initialization is finished successfully
[2023-12-08 21:05:33,258][worker-0][INFO] Initialized logger with level 10 for worker 0
[2023-12-08 21:05:34,477][worker-0][INFO] Initialized CORS
[2023-12-08 21:05:34,477][worker-0][INFO] App Initialization is finished successfully
[2024-01-10 01:31:25,935][worker-0][INFO] Initialized logger with level 10 for worker 0
[2024-01-10 01:31:26,013][worker-0][ERROR] An error happened during initializing app components: No module named 'requests'
[2024-01-10 01:31:42,043][worker-0][INFO] Initialized logger with level 10 for worker 0
[2024-01-10 01:31:42,085][worker-0][ERROR] An error happened during initializing app components: No module named 'requests'
[2024-01-10 01:43:35,132][worker-0][INFO] Initialized logger with level 10 for worker 0
[2024-01-10 01:43:51,251][worker-0][ERROR] An error happened during initializing app components: No module named 'cv2'
[2024-01-10 01:46:47,877][worker-0][INFO] Initialized logger with level 10 for worker 0
[2024-01-10 01:46:47,988][worker-0][ERROR] An error happened during initializing app components: cannot import name 'COMMON_SAFE_ASCII_CHARACTERS' from 'charset_normalizer.constant' (C:\Users\chint\.conda\envs\pdf_analyzer_prod\lib\site-packages\charset_normalizer\constant.py)
[2024-01-10 01:51:21,961][worker-0][INFO] Initialized logger with level 10 for worker 0
[2024-01-10 01:51:22,035][worker-0][ERROR] An error happened during initializing app components: cannot import name 'COMMON_SAFE_ASCII_CHARACTERS' from 'charset_normalizer.constant' (C:\Users\chint\.conda\envs\pdf_analyzer_prod\lib\site-packages\charset_normalizer\constant.py)
[2024-01-10 01:53:00,831][worker-0][INFO] Initialized logger with level 10 for worker 0
[2024-01-10 01:53:02,373][worker-0][ERROR] An error happened during initializing app components: No module named 'cv2'
[2024-01-10 01:56:21,025][worker-0][INFO] Initialized logger with level 10 for worker 0
[2024-01-10 01:56:21,823][worker-0][INFO] Initialized CORS
[2024-01-10 01:56:21,823][worker-0][INFO] App Initialization is finished successfully
[2024-01-10 01:56:34,352][worker-0][ERROR] No connection adapters were found for 'mailto:chintham.akhila@gmail.com'
Traceback (most recent call last):
  File "D:\UNT\Software_Engineering\Project_1\pdf_analyzer_prodv1\portal\views.py", line 137, in upload_bill
    count_urls_, count_images_, dict_final_, pdf_document_page_count = get_final_result(
  File "D:\UNT\Software_Engineering\Project_1\pdf_analyzer_prodv1\portal\packages\__init__.py", line 226, in get_final_result
    count_urls_ = count_custom_urls_in_pdf(pdf_file)
  File "D:\UNT\Software_Engineering\Project_1\pdf_analyzer_prodv1\portal\packages\__init__.py", line 53, in count_custom_urls_in_pdf
    response_ = requests.get(links_l[link])
  File "C:\Users\chint\.conda\envs\pdf_analyzer_prod\lib\site-packages\requests\api.py", line 73, in get
    return request("get", url, params=params, **kwargs)
  File "C:\Users\chint\.conda\envs\pdf_analyzer_prod\lib\site-packages\requests\api.py", line 59, in request
    return session.request(method=method, url=url, **kwargs)
  File "C:\Users\chint\.conda\envs\pdf_analyzer_prod\lib\site-packages\requests\sessions.py", line 589, in request
    resp = self.send(prep, **send_kwargs)
  File "C:\Users\chint\.conda\envs\pdf_analyzer_prod\lib\site-packages\requests\sessions.py", line 697, in send
    adapter = self.get_adapter(url=request.url)
  File "C:\Users\chint\.conda\envs\pdf_analyzer_prod\lib\site-packages\requests\sessions.py", line 794, in get_adapter
    raise InvalidSchema(f"No connection adapters were found for {url!r}")
requests.exceptions.InvalidSchema: No connection adapters were found for 'mailto:chintham.akhila@gmail.com'
[2024-01-10 01:59:16,899][worker-0][ERROR] No connection adapters were found for 'mailto:SandeepKumarRudhravaram@my.unt.edu'
Traceback (most recent call last):
  File "D:\UNT\Software_Engineering\Project_1\pdf_analyzer_prodv1\portal\views.py", line 137, in upload_bill
    count_urls_, count_images_, dict_final_, pdf_document_page_count = get_final_result(
  File "D:\UNT\Software_Engineering\Project_1\pdf_analyzer_prodv1\portal\packages\__init__.py", line 226, in get_final_result
    count_urls_ = count_custom_urls_in_pdf(pdf_file)
  File "D:\UNT\Software_Engineering\Project_1\pdf_analyzer_prodv1\portal\packages\__init__.py", line 53, in count_custom_urls_in_pdf
    response_ = requests.get(links_l[link])
  File "C:\Users\chint\.conda\envs\pdf_analyzer_prod\lib\site-packages\requests\api.py", line 73, in get
    return request("get", url, params=params, **kwargs)
  File "C:\Users\chint\.conda\envs\pdf_analyzer_prod\lib\site-packages\requests\api.py", line 59, in request
    return session.request(method=method, url=url, **kwargs)
  File "C:\Users\chint\.conda\envs\pdf_analyzer_prod\lib\site-packages\requests\sessions.py", line 589, in request
    resp = self.send(prep, **send_kwargs)
  File "C:\Users\chint\.conda\envs\pdf_analyzer_prod\lib\site-packages\requests\sessions.py", line 697, in send
    adapter = self.get_adapter(url=request.url)
  File "C:\Users\chint\.conda\envs\pdf_analyzer_prod\lib\site-packages\requests\sessions.py", line 794, in get_adapter
    raise InvalidSchema(f"No connection adapters were found for {url!r}")
requests.exceptions.InvalidSchema: No connection adapters were found for 'mailto:SandeepKumarRudhravaram@my.unt.edu'
[2024-01-10 01:59:47,452][worker-0][ERROR] HTTPSConnectionPool(host='achecker.achecks.ca', port=443): Max retries exceeded with url: /checker/index.php (Caused by SSLError(CertificateError("hostname 'achecker.achecks.ca' doesn't match 'achecker.org'")))
Traceback (most recent call last):
  File "C:\Users\chint\.conda\envs\pdf_analyzer_prod\lib\site-packages\urllib3\connectionpool.py", line 715, in urlopen
    httplib_response = self._make_request(
  File "C:\Users\chint\.conda\envs\pdf_analyzer_prod\lib\site-packages\urllib3\connectionpool.py", line 404, in _make_request
    self._validate_conn(conn)
  File "C:\Users\chint\.conda\envs\pdf_analyzer_prod\lib\site-packages\urllib3\connectionpool.py", line 1058, in _validate_conn
    conn.connect()
  File "C:\Users\chint\.conda\envs\pdf_analyzer_prod\lib\site-packages\urllib3\connection.py", line 472, in connect
    _match_hostname(cert, self.assert_hostname or server_hostname)
  File "C:\Users\chint\.conda\envs\pdf_analyzer_prod\lib\site-packages\urllib3\connection.py", line 545, in _match_hostname
    match_hostname(cert, asserted_hostname)
  File "C:\Users\chint\.conda\envs\pdf_analyzer_prod\lib\site-packages\urllib3\util\ssl_match_hostname.py", line 155, in match_hostname
    raise CertificateError("hostname %r doesn't match %r" % (hostname, dnsnames[0]))
urllib3.util.ssl_match_hostname.CertificateError: hostname 'achecker.achecks.ca' doesn't match 'achecker.org'

During handling of the above exception, another exception occurred:

Traceback (most recent call last):
  File "C:\Users\chint\.conda\envs\pdf_analyzer_prod\lib\site-packages\requests\adapters.py", line 486, in send
    resp = conn.urlopen(
  File "C:\Users\chint\.conda\envs\pdf_analyzer_prod\lib\site-packages\urllib3\connectionpool.py", line 799, in urlopen
    retries = retries.increment(
  File "C:\Users\chint\.conda\envs\pdf_analyzer_prod\lib\site-packages\urllib3\util\retry.py", line 592, in increment
    raise MaxRetryError(_pool, url, error or ResponseError(cause))
urllib3.exceptions.MaxRetryError: HTTPSConnectionPool(host='achecker.achecks.ca', port=443): Max retries exceeded with url: /checker/index.php (Caused by SSLError(CertificateError("hostname 'achecker.achecks.ca' doesn't match 'achecker.org'")))

During handling of the above exception, another exception occurred:

Traceback (most recent call last):
  File "D:\UNT\Software_Engineering\Project_1\pdf_analyzer_prodv1\portal\views.py", line 137, in upload_bill
    count_urls_, count_images_, dict_final_, pdf_document_page_count = get_final_result(
  File "D:\UNT\Software_Engineering\Project_1\pdf_analyzer_prodv1\portal\packages\__init__.py", line 226, in get_final_result
    count_urls_ = count_custom_urls_in_pdf(pdf_file)
  File "D:\UNT\Software_Engineering\Project_1\pdf_analyzer_prodv1\portal\packages\__init__.py", line 53, in count_custom_urls_in_pdf
    response_ = requests.get(links_l[link])
  File "C:\Users\chint\.conda\envs\pdf_analyzer_prod\lib\site-packages\requests\api.py", line 73, in get
    return request("get", url, params=params, **kwargs)
  File "C:\Users\chint\.conda\envs\pdf_analyzer_prod\lib\site-packages\requests\api.py", line 59, in request
    return session.request(method=method, url=url, **kwargs)
  File "C:\Users\chint\.conda\envs\pdf_analyzer_prod\lib\site-packages\requests\sessions.py", line 589, in request
    resp = self.send(prep, **send_kwargs)
  File "C:\Users\chint\.conda\envs\pdf_analyzer_prod\lib\site-packages\requests\sessions.py", line 703, in send
    r = adapter.send(request, **kwargs)
  File "C:\Users\chint\.conda\envs\pdf_analyzer_prod\lib\site-packages\requests\adapters.py", line 517, in send
    raise SSLError(e, request=request)
requests.exceptions.SSLError: HTTPSConnectionPool(host='achecker.achecks.ca', port=443): Max retries exceeded with url: /checker/index.php (Caused by SSLError(CertificateError("hostname 'achecker.achecks.ca' doesn't match 'achecker.org'")))
[2024-01-10 02:01:57,448][worker-0][INFO] Initialized logger with level 10 for worker 0
[2024-01-10 02:01:58,245][worker-0][INFO] Initialized CORS
[2024-01-10 02:01:58,246][worker-0][INFO] App Initialization is finished successfully
[2024-01-10 02:02:14,455][worker-0][ERROR] local variable 'response_' referenced before assignment
Traceback (most recent call last):
  File "D:\UNT\Software_Engineering\Project_1\pdf_analyzer_prodv1\portal\views.py", line 137, in upload_bill
    count_urls_, count_images_, dict_final_, pdf_document_page_count = get_final_result(
  File "D:\UNT\Software_Engineering\Project_1\pdf_analyzer_prodv1\portal\packages\__init__.py", line 230, in get_final_result
    count_urls_ = count_custom_urls_in_pdf(pdf_file)
  File "D:\UNT\Software_Engineering\Project_1\pdf_analyzer_prodv1\portal\packages\__init__.py", line 64, in count_custom_urls_in_pdf
    temp_['status_code'] = response_.status_code
UnboundLocalError: local variable 'response_' referenced before assignment
[2024-01-10 02:03:10,457][worker-0][INFO] Initialized logger with level 10 for worker 0
[2024-01-10 02:03:10,935][worker-0][INFO] Initialized CORS
[2024-01-10 02:03:10,936][worker-0][INFO] App Initialization is finished successfully
[2024-01-10 02:03:20,496][worker-0][ERROR] partially initialized module 'charset_normalizer' has no attribute 'md__mypyc' (most likely due to a circular import)
Traceback (most recent call last):
  File "D:\UNT\Software_Engineering\Project_1\pdf_analyzer_prodv1\portal\views.py", line 144, in upload_bill
    table_count_ = get_tables_count_(os.path.join(pdf_docs, process_id, filename))
  File "D:\UNT\Software_Engineering\Project_1\pdf_analyzer_prodv1\portal\packages\__init__.py", line 341, in get_tables_count_
    import pdfplumber
  File "C:\Users\chint\.conda\envs\pdf_analyzer_prod\lib\site-packages\pdfplumber\__init__.py", line 11, in <module>
    import pdfminer.pdftypes
  File "C:\Users\chint\.conda\envs\pdf_analyzer_prod\lib\site-packages\pdfminer\pdftypes.py", line 22, in <module>
    from .psparser import LIT
  File "C:\Users\chint\.conda\envs\pdf_analyzer_prod\lib\site-packages\pdfminer\psparser.py", line 22, in <module>
    from .utils import choplist
  File "C:\Users\chint\.conda\envs\pdf_analyzer_prod\lib\site-packages\pdfminer\utils.py", line 31, in <module>
    import charset_normalizer  # For str encoding detection
  File "C:\Users\chint\.conda\envs\pdf_analyzer_prod\lib\site-packages\charset_normalizer\__init__.py", line 23, in <module>
    from charset_normalizer.api import from_fp, from_path, from_bytes, normalize
  File "C:\Users\chint\.conda\envs\pdf_analyzer_prod\lib\site-packages\charset_normalizer\api.py", line 10, in <module>
    from charset_normalizer.md import mess_ratio
AttributeError: partially initialized module 'charset_normalizer' has no attribute 'md__mypyc' (most likely due to a circular import)
[2024-01-10 02:06:01,928][worker-0][INFO] Initialized logger with level 10 for worker 0
[2024-01-10 02:06:02,705][worker-0][INFO] Initialized CORS
[2024-01-10 02:06:02,706][worker-0][INFO] App Initialization is finished successfully
[2024-01-13 15:49:44,250][worker-0][INFO] Initialized logger with level 10 for worker 0
[2024-01-13 15:49:45,268][worker-0][INFO] Initialized CORS
[2024-01-13 15:49:45,269][worker-0][INFO] App Initialization is finished successfully
[2024-01-13 18:54:02,910][worker-0][INFO] Initialized logger with level 10 for worker 0
[2024-01-13 18:54:03,809][worker-0][INFO] Initialized CORS
[2024-01-13 18:54:03,810][worker-0][INFO] App Initialization is finished successfully
[2024-01-13 20:47:26,787][worker-0][INFO] Initialized logger with level 10 for worker 0
[2024-01-13 20:47:27,325][worker-0][INFO] Initialized CORS
[2024-01-13 20:47:27,327][worker-0][INFO] App Initialization is finished successfully
[2024-01-13 20:49:34,768][worker-0][INFO] Initialized logger with level 10 for worker 0
[2024-01-13 20:49:35,449][worker-0][INFO] Initialized CORS
[2024-01-13 20:49:35,454][worker-0][INFO] App Initialization is finished successfully
[2024-01-13 20:50:28,630][worker-0][INFO] Initialized logger with level 10 for worker 0
[2024-01-13 20:50:29,382][worker-0][INFO] Initialized CORS
[2024-01-13 20:50:29,386][worker-0][INFO] App Initialization is finished successfully
[2024-01-13 20:52:22,284][worker-0][INFO] Initialized logger with level 10 for worker 0
[2024-01-13 20:52:23,027][worker-0][INFO] Initialized CORS
[2024-01-13 20:52:23,030][worker-0][INFO] App Initialization is finished successfully
[2024-01-13 20:52:40,497][worker-0][INFO] Initialized logger with level 10 for worker 0
[2024-01-13 20:52:41,179][worker-0][INFO] Initialized CORS
[2024-01-13 20:52:41,181][worker-0][INFO] App Initialization is finished successfully
[2024-01-13 20:53:17,774][worker-0][INFO] Initialized logger with level 10 for worker 0
[2024-01-13 20:53:18,213][worker-0][INFO] Initialized CORS
[2024-01-13 20:53:18,214][worker-0][INFO] App Initialization is finished successfully
[2024-01-13 20:53:21,410][worker-0][INFO] Initialized logger with level 10 for worker 0
[2024-01-13 20:53:21,989][worker-0][INFO] Initialized CORS
[2024-01-13 20:53:21,991][worker-0][INFO] App Initialization is finished successfully
[2024-01-13 20:59:37,022][worker-0][INFO] Initialized logger with level 10 for worker 0
[2024-01-13 20:59:37,801][worker-0][INFO] Initialized CORS
[2024-01-13 20:59:37,803][worker-0][INFO] App Initialization is finished successfully
[2024-01-13 20:59:51,134][worker-0][INFO] Initialized logger with level 10 for worker 0
[2024-01-13 20:59:51,724][worker-0][INFO] Initialized CORS
[2024-01-13 20:59:51,726][worker-0][INFO] App Initialization is finished successfully
[2024-01-13 21:21:42,828][worker-0][INFO] Initialized logger with level 10 for worker 0
[2024-01-13 21:21:43,480][worker-0][INFO] Initialized CORS
[2024-01-13 21:21:43,482][worker-0][INFO] App Initialization is finished successfully
[2024-01-13 21:22:24,955][worker-0][INFO] Initialized logger with level 10 for worker 0
[2024-01-13 21:22:25,430][worker-0][INFO] Initialized CORS
[2024-01-13 21:22:25,432][worker-0][INFO] App Initialization is finished successfully
[2024-01-13 21:23:12,570][worker-0][INFO] Initialized logger with level 10 for worker 0
[2024-01-13 21:23:13,238][worker-0][INFO] Initialized CORS
[2024-01-13 21:23:13,240][worker-0][INFO] App Initialization is finished successfully
[2024-01-13 21:24:30,730][worker-0][INFO] Initialized logger with level 10 for worker 0
[2024-01-13 21:24:31,151][worker-0][INFO] Initialized CORS
[2024-01-13 21:24:31,154][worker-0][INFO] App Initialization is finished successfully
[2024-01-13 21:26:45,556][worker-0][INFO] Initialized logger with level 10 for worker 0
[2024-01-13 21:26:46,216][worker-0][INFO] Initialized CORS
[2024-01-13 21:26:46,218][worker-0][INFO] App Initialization is finished successfully
[2024-01-13 21:30:31,823][worker-0][INFO] Initialized logger with level 10 for worker 0
[2024-01-13 21:30:32,626][worker-0][INFO] Initialized CORS
[2024-01-13 21:30:32,630][worker-0][INFO] App Initialization is finished successfully
[2024-01-13 21:31:26,530][worker-0][INFO] Initialized logger with level 10 for worker 0
[2024-01-13 21:31:27,175][worker-0][INFO] Initialized CORS
[2024-01-13 21:31:27,176][worker-0][INFO] App Initialization is finished successfully
[2024-01-13 21:32:40,558][worker-0][INFO] Initialized logger with level 10 for worker 0
[2024-01-13 21:32:41,379][worker-0][INFO] Initialized CORS
[2024-01-13 21:32:41,380][worker-0][INFO] App Initialization is finished successfully
[2024-01-13 21:33:11,319][worker-0][INFO] Initialized logger with level 10 for worker 0
[2024-01-13 21:33:12,027][worker-0][INFO] Initialized CORS
[2024-01-13 21:33:12,034][worker-0][INFO] App Initialization is finished successfully
[2024-01-13 21:33:24,207][worker-0][INFO] Initialized logger with level 10 for worker 0
[2024-01-13 21:33:24,880][worker-0][INFO] Initialized CORS
[2024-01-13 21:33:24,882][worker-0][INFO] App Initialization is finished successfully
[2024-01-13 21:33:48,911][worker-0][INFO] Initialized logger with level 10 for worker 0
[2024-01-13 21:33:49,536][worker-0][INFO] Initialized CORS
[2024-01-13 21:33:49,539][worker-0][INFO] App Initialization is finished successfully
[2024-01-13 21:34:51,633][worker-0][INFO] Initialized logger with level 10 for worker 0
[2024-01-13 21:34:52,321][worker-0][INFO] Initialized CORS
[2024-01-13 21:34:52,323][worker-0][INFO] App Initialization is finished successfully
[2024-01-13 21:35:07,498][worker-0][INFO] Initialized logger with level 10 for worker 0
[2024-01-13 21:35:08,100][worker-0][INFO] Initialized CORS
[2024-01-13 21:35:08,102][worker-0][INFO] App Initialization is finished successfully
[2024-01-18 01:07:25,539][worker-0][INFO] Initialized logger with level 10 for worker 0
[2024-01-18 01:07:36,339][worker-0][INFO] Initialized CORS
[2024-01-18 01:07:36,354][worker-0][INFO] App Initialization is finished successfully
[2024-01-18 01:28:41,048][worker-0][INFO] Initialized logger with level 10 for worker 0
[2024-01-18 01:28:41,688][worker-0][INFO] Initialized CORS
[2024-01-18 01:28:41,690][worker-0][INFO] App Initialization is finished successfully
[2024-01-18 01:29:10,777][worker-0][INFO] Initialized logger with level 10 for worker 0
[2024-01-18 01:29:11,394][worker-0][INFO] Initialized CORS
[2024-01-18 01:29:11,395][worker-0][INFO] App Initialization is finished successfully
[2024-01-18 01:29:55,625][worker-0][INFO] Initialized logger with level 10 for worker 0
[2024-01-18 01:29:56,129][worker-0][INFO] Initialized CORS
[2024-01-18 01:29:56,130][worker-0][INFO] App Initialization is finished successfully
[2024-01-18 01:34:20,071][worker-0][INFO] Initialized logger with level 10 for worker 0
[2024-01-18 01:34:20,603][worker-0][INFO] Initialized CORS
[2024-01-18 01:34:20,604][worker-0][INFO] App Initialization is finished successfully
[2024-01-18 01:34:43,060][worker-0][INFO] Initialized logger with level 10 for worker 0
[2024-01-18 01:34:43,697][worker-0][INFO] Initialized CORS
[2024-01-18 01:34:43,697][worker-0][INFO] App Initialization is finished successfully
[2024-01-18 02:34:05,115][worker-0][INFO] Initialized logger with level 10 for worker 0
[2024-01-18 02:34:05,435][worker-0][INFO] Initialized CORS
[2024-01-18 02:34:05,436][worker-0][INFO] App Initialization is finished successfully
[2024-01-18 02:35:14,839][worker-0][INFO] Initialized logger with level 10 for worker 0
[2024-01-18 02:35:15,211][worker-0][INFO] Initialized CORS
[2024-01-18 02:35:15,212][worker-0][INFO] App Initialization is finished successfully
[2024-01-18 19:39:44,969][worker-0][INFO] Initialized logger with level 10 for worker 0
[2024-01-18 19:39:45,597][worker-0][INFO] Initialized CORS
[2024-01-18 19:39:45,600][worker-0][INFO] App Initialization is finished successfully
[2024-01-19 00:26:47,976][worker-0][INFO] Initialized logger with level 10 for worker 0
[2024-01-19 00:26:48,690][worker-0][INFO] Initialized CORS
[2024-01-19 00:26:48,693][worker-0][INFO] App Initialization is finished successfully
[2024-01-19 00:27:51,131][worker-0][INFO] Initialized logger with level 10 for worker 0
[2024-01-19 00:27:51,768][worker-0][INFO] Initialized CORS
[2024-01-19 00:27:51,769][worker-0][INFO] App Initialization is finished successfully
[2024-01-19 00:30:15,679][worker-0][INFO] Initialized logger with level 10 for worker 0
[2024-01-19 00:30:16,476][worker-0][INFO] Initialized CORS
[2024-01-19 00:30:16,478][worker-0][INFO] App Initialization is finished successfully
[2024-01-19 00:40:47,362][worker-0][INFO] Initialized logger with level 10 for worker 0
[2024-01-19 00:40:48,109][worker-0][INFO] Initialized CORS
[2024-01-19 00:40:48,110][worker-0][INFO] App Initialization is finished successfully
[2024-01-19 00:43:14,268][worker-0][INFO] Initialized logger with level 10 for worker 0
[2024-01-19 00:43:15,057][worker-0][INFO] Initialized CORS
[2024-01-19 00:43:15,058][worker-0][INFO] App Initialization is finished successfully
[2024-01-19 00:45:59,411][worker-0][INFO] Initialized logger with level 10 for worker 0
[2024-01-19 00:46:00,167][worker-0][INFO] Initialized CORS
[2024-01-19 00:46:00,170][worker-0][INFO] App Initialization is finished successfully
[2024-01-19 00:58:47,507][worker-0][INFO] Initialized logger with level 10 for worker 0
[2024-01-19 00:58:48,128][worker-0][INFO] Initialized CORS
[2024-01-19 00:58:48,130][worker-0][INFO] App Initialization is finished successfully
[2024-01-19 01:10:17,180][worker-0][INFO] Initialized logger with level 10 for worker 0
[2024-01-19 01:10:17,966][worker-0][INFO] Initialized CORS
[2024-01-19 01:10:17,967][worker-0][INFO] App Initialization is finished successfully
[2024-01-20 17:33:43,899][worker-0][INFO] Initialized logger with level 10 for worker 0
[2024-01-20 17:33:44,469][worker-0][INFO] Initialized CORS
[2024-01-20 17:33:44,471][worker-0][INFO] App Initialization is finished successfully
[2024-01-20 17:39:28,047][worker-0][INFO] Initialized logger with level 10 for worker 0
[2024-01-20 17:39:28,399][worker-0][INFO] Initialized CORS
[2024-01-20 17:39:28,400][worker-0][INFO] App Initialization is finished successfully
[2024-01-20 17:39:29,255][worker-0][INFO] Initialized logger with level 10 for worker 0
[2024-01-20 17:39:29,679][worker-0][INFO] Initialized CORS
[2024-01-20 17:39:29,680][worker-0][INFO] App Initialization is finished successfully
[2024-01-20 18:24:45,415][worker-0][INFO] Initialized logger with level 10 for worker 0
[2024-01-20 18:24:45,780][worker-0][INFO] Initialized CORS
[2024-01-20 18:24:45,781][worker-0][INFO] App Initialization is finished successfully
[2024-01-21 17:51:07,768][worker-0][INFO] Initialized logger with level 10 for worker 0
[2024-01-21 17:51:08,460][worker-0][INFO] Initialized CORS
[2024-01-21 17:51:08,461][worker-0][INFO] App Initialization is finished successfully
[2024-01-21 20:36:32,988][worker-0][INFO] Initialized logger with level 10 for worker 0
[2024-01-21 20:36:34,227][worker-0][INFO] Initialized CORS
[2024-01-21 20:36:34,227][worker-0][INFO] App Initialization is finished successfully
[2024-01-21 20:37:52,636][worker-0][INFO] Initialized logger with level 10 for worker 0
[2024-01-21 20:37:53,431][worker-0][INFO] Initialized CORS
[2024-01-21 20:37:53,431][worker-0][INFO] App Initialization is finished successfully
[2024-01-21 20:38:41,773][worker-0][INFO] Initialized logger with level 10 for worker 0
[2024-01-21 20:38:42,635][worker-0][INFO] Initialized CORS
[2024-01-21 20:38:42,636][worker-0][INFO] App Initialization is finished successfully
[2024-01-21 20:39:35,712][worker-0][INFO] Initialized logger with level 10 for worker 0
[2024-01-21 20:39:36,650][worker-0][INFO] Initialized CORS
[2024-01-21 20:39:36,650][worker-0][INFO] App Initialization is finished successfully
[2024-01-21 20:43:01,193][worker-0][INFO] Initialized logger with level 10 for worker 0
[2024-01-21 20:43:02,366][worker-0][INFO] Initialized CORS
[2024-01-21 20:43:02,367][worker-0][INFO] App Initialization is finished successfully
[2024-01-21 20:59:33,066][worker-0][INFO] Initialized logger with level 10 for worker 0
[2024-01-21 20:59:34,242][worker-0][INFO] Initialized CORS
[2024-01-21 20:59:34,243][worker-0][INFO] App Initialization is finished successfully
[2024-01-21 22:10:24,345][worker-0][INFO] Initialized logger with level 10 for worker 0
[2024-01-21 22:10:25,862][worker-0][INFO] Initialized CORS
[2024-01-21 22:10:25,863][worker-0][INFO] App Initialization is finished successfully
[2024-01-21 22:24:48,589][worker-0][INFO] Initialized logger with level 10 for worker 0
[2024-01-21 22:24:49,574][worker-0][INFO] Initialized CORS
[2024-01-21 22:24:49,574][worker-0][INFO] App Initialization is finished successfully
[2024-01-21 22:25:27,364][worker-0][INFO] Initialized logger with level 10 for worker 0
[2024-01-21 22:25:28,220][worker-0][INFO] Initialized CORS
[2024-01-21 22:25:28,222][worker-0][INFO] App Initialization is finished successfully
[2024-01-21 22:26:17,741][worker-0][INFO] Initialized logger with level 10 for worker 0
[2024-01-21 22:26:18,527][worker-0][INFO] Initialized CORS
[2024-01-21 22:26:18,527][worker-0][INFO] App Initialization is finished successfully
[2024-01-21 22:27:22,440][worker-0][INFO] Initialized logger with level 10 for worker 0
[2024-01-21 22:27:23,383][worker-0][INFO] Initialized CORS
[2024-01-21 22:27:23,384][worker-0][INFO] App Initialization is finished successfully
[2024-01-21 22:27:35,267][worker-0][INFO] Initialized logger with level 10 for worker 0
[2024-01-21 22:27:35,843][worker-0][INFO] Initialized CORS
[2024-01-21 22:27:35,844][worker-0][INFO] App Initialization is finished successfully
[2024-01-22 02:11:40,675][worker-0][INFO] Initialized logger with level 10 for worker 0
[2024-01-22 02:11:42,601][worker-0][INFO] Initialized CORS
[2024-01-22 02:11:42,602][worker-0][INFO] App Initialization is finished successfully
[2024-01-22 02:17:35,310][worker-0][INFO] Initialized logger with level 10 for worker 0
[2024-01-22 02:17:36,655][worker-0][INFO] Initialized CORS
[2024-01-22 02:17:36,655][worker-0][INFO] App Initialization is finished successfully
[2024-01-22 02:19:26,210][worker-0][INFO] Initialized logger with level 10 for worker 0
[2024-01-22 02:19:26,936][worker-0][INFO] Initialized CORS
[2024-01-22 02:19:26,936][worker-0][INFO] App Initialization is finished successfully
[2024-01-22 02:24:38,167][worker-0][INFO] Initialized logger with level 10 for worker 0
[2024-01-22 02:24:38,935][worker-0][INFO] Initialized CORS
[2024-01-22 02:24:38,936][worker-0][INFO] App Initialization is finished successfully
[2024-01-22 02:25:48,025][worker-0][INFO] Initialized logger with level 10 for worker 0
[2024-01-22 02:25:48,592][worker-0][INFO] Initialized CORS
[2024-01-22 02:25:48,592][worker-0][INFO] App Initialization is finished successfully
[2024-01-22 02:43:36,078][worker-0][INFO] Initialized logger with level 10 for worker 0
[2024-01-22 02:43:37,971][worker-0][INFO] Initialized CORS
[2024-01-22 02:43:37,972][worker-0][INFO] App Initialization is finished successfully
[2024-01-22 02:43:47,249][worker-0][INFO] Initialized logger with level 10 for worker 0
[2024-01-22 02:43:47,820][worker-0][INFO] Initialized CORS
[2024-01-22 02:43:47,820][worker-0][INFO] App Initialization is finished successfully
[2024-01-22 02:43:58,211][worker-0][INFO] Initialized logger with level 10 for worker 0
[2024-01-22 02:43:58,972][worker-0][INFO] Initialized CORS
[2024-01-22 02:43:58,973][worker-0][INFO] App Initialization is finished successfully
[2024-01-22 02:46:09,281][worker-0][INFO] Initialized logger with level 10 for worker 0
[2024-01-22 02:46:09,903][worker-0][INFO] Initialized CORS
[2024-01-22 02:46:09,903][worker-0][INFO] App Initialization is finished successfully
[2024-01-22 02:48:40,704][worker-0][INFO] Initialized logger with level 10 for worker 0
[2024-01-22 02:48:41,343][worker-0][INFO] Initialized CORS
[2024-01-22 02:48:41,343][worker-0][INFO] App Initialization is finished successfully
[2024-01-22 02:51:59,693][worker-0][INFO] Initialized logger with level 10 for worker 0
[2024-01-22 02:52:00,490][worker-0][INFO] Initialized CORS
[2024-01-22 02:52:00,490][worker-0][INFO] App Initialization is finished successfully
[2024-01-22 02:52:28,862][worker-0][INFO] Initialized logger with level 10 for worker 0
[2024-01-22 02:52:29,484][worker-0][INFO] Initialized CORS
[2024-01-22 02:52:29,485][worker-0][INFO] App Initialization is finished successfully
[2024-01-22 02:54:42,055][worker-0][INFO] Initialized logger with level 10 for worker 0
[2024-01-22 02:54:43,063][worker-0][INFO] Initialized CORS
[2024-01-22 02:54:43,063][worker-0][INFO] App Initialization is finished successfully
[2024-01-22 02:55:07,193][worker-0][ERROR] expected token 'end of print statement', got 'percentage_less_than_16'
Traceback (most recent call last):
  File "/Users/sandeepkumarrudhravaram/UNTMastersProjects/pdf_analyzer_prodv1/portal/views.py", line 251, in upload_bill
    return render_template("index.html", top_4_font_size_=top_4_font_size_,
  File "/Users/sandeepkumarrudhravaram/opt/anaconda3/envs/pdf_analyzer_v1/lib/python3.9/site-packages/flask/templating.py", line 138, in render_template
    ctx.app.jinja_env.get_or_select_template(template_name_or_list),
  File "/Users/sandeepkumarrudhravaram/opt/anaconda3/envs/pdf_analyzer_v1/lib/python3.9/site-packages/jinja2/environment.py", line 930, in get_or_select_template
    return self.get_template(template_name_or_list, parent, globals)
  File "/Users/sandeepkumarrudhravaram/opt/anaconda3/envs/pdf_analyzer_v1/lib/python3.9/site-packages/jinja2/environment.py", line 883, in get_template
    return self._load_template(name, self.make_globals(globals))
  File "/Users/sandeepkumarrudhravaram/opt/anaconda3/envs/pdf_analyzer_v1/lib/python3.9/site-packages/jinja2/environment.py", line 857, in _load_template
    template = self.loader.load(self, name, globals)
  File "/Users/sandeepkumarrudhravaram/opt/anaconda3/envs/pdf_analyzer_v1/lib/python3.9/site-packages/jinja2/loaders.py", line 127, in load
    code = environment.compile(source, name, filename)
  File "/Users/sandeepkumarrudhravaram/opt/anaconda3/envs/pdf_analyzer_v1/lib/python3.9/site-packages/jinja2/environment.py", line 638, in compile
    self.handle_exception(source=source_hint)
  File "/Users/sandeepkumarrudhravaram/opt/anaconda3/envs/pdf_analyzer_v1/lib/python3.9/site-packages/jinja2/environment.py", line 832, in handle_exception
    reraise(*rewrite_traceback_stack(source=source))
  File "/Users/sandeepkumarrudhravaram/opt/anaconda3/envs/pdf_analyzer_v1/lib/python3.9/site-packages/jinja2/_compat.py", line 28, in reraise
    raise value.with_traceback(tb)
  File "/Users/sandeepkumarrudhravaram/UNTMastersProjects/pdf_analyzer_prodv1/portal/templates/index.html", line 1052, in template
    data: [{{percentage_greater_than_16 percentage_less_than_16}}, {{percentage_less_than_16}}], // 84% filled, 16% empty
jinja2.exceptions.TemplateSyntaxError: expected token 'end of print statement', got 'percentage_less_than_16'
[2024-01-22 02:56:58,049][worker-0][INFO] Initialized logger with level 10 for worker 0
[2024-01-22 02:56:59,203][worker-0][INFO] Initialized CORS
[2024-01-22 02:56:59,204][worker-0][INFO] App Initialization is finished successfully
[2024-01-22 02:57:26,367][worker-0][ERROR] expected token 'end of print statement', got 'percentage_less_than_16'
Traceback (most recent call last):
  File "/Users/sandeepkumarrudhravaram/UNTMastersProjects/pdf_analyzer_prodv1/portal/views.py", line 251, in upload_bill
    return render_template("index.html", top_4_font_size_=top_4_font_size_,
  File "/Users/sandeepkumarrudhravaram/opt/anaconda3/envs/pdf_analyzer_v1/lib/python3.9/site-packages/flask/templating.py", line 138, in render_template
    ctx.app.jinja_env.get_or_select_template(template_name_or_list),
  File "/Users/sandeepkumarrudhravaram/opt/anaconda3/envs/pdf_analyzer_v1/lib/python3.9/site-packages/jinja2/environment.py", line 930, in get_or_select_template
    return self.get_template(template_name_or_list, parent, globals)
  File "/Users/sandeepkumarrudhravaram/opt/anaconda3/envs/pdf_analyzer_v1/lib/python3.9/site-packages/jinja2/environment.py", line 883, in get_template
    return self._load_template(name, self.make_globals(globals))
  File "/Users/sandeepkumarrudhravaram/opt/anaconda3/envs/pdf_analyzer_v1/lib/python3.9/site-packages/jinja2/environment.py", line 857, in _load_template
    template = self.loader.load(self, name, globals)
  File "/Users/sandeepkumarrudhravaram/opt/anaconda3/envs/pdf_analyzer_v1/lib/python3.9/site-packages/jinja2/loaders.py", line 127, in load
    code = environment.compile(source, name, filename)
  File "/Users/sandeepkumarrudhravaram/opt/anaconda3/envs/pdf_analyzer_v1/lib/python3.9/site-packages/jinja2/environment.py", line 638, in compile
    self.handle_exception(source=source_hint)
  File "/Users/sandeepkumarrudhravaram/opt/anaconda3/envs/pdf_analyzer_v1/lib/python3.9/site-packages/jinja2/environment.py", line 832, in handle_exception
    reraise(*rewrite_traceback_stack(source=source))
  File "/Users/sandeepkumarrudhravaram/opt/anaconda3/envs/pdf_analyzer_v1/lib/python3.9/site-packages/jinja2/_compat.py", line 28, in reraise
    raise value.with_traceback(tb)
  File "/Users/sandeepkumarrudhravaram/UNTMastersProjects/pdf_analyzer_prodv1/portal/templates/index.html", line 1052, in template
    data: [{{percentage_greater_than_16 percentage_less_than_16}}, {{percentage_less_than_16}}], // 84% filled, 16% empty
jinja2.exceptions.TemplateSyntaxError: expected token 'end of print statement', got 'percentage_less_than_16'
[2024-01-22 02:57:53,157][worker-0][INFO] Initialized logger with level 10 for worker 0
[2024-01-22 02:57:54,257][worker-0][INFO] Initialized CORS
[2024-01-22 02:57:54,257][worker-0][INFO] App Initialization is finished successfully
[2024-01-22 03:22:25,465][worker-0][INFO] Initialized logger with level 10 for worker 0
[2024-01-22 03:22:26,781][worker-0][INFO] Initialized CORS
[2024-01-22 03:22:26,782][worker-0][INFO] App Initialization is finished successfully
[2024-01-22 03:26:04,532][worker-0][INFO] Initialized logger with level 10 for worker 0
[2024-01-22 03:26:05,432][worker-0][INFO] Initialized CORS
[2024-01-22 03:26:05,432][worker-0][INFO] App Initialization is finished successfully
[2024-01-22 03:32:13,810][worker-0][INFO] Initialized logger with level 10 for worker 0
[2024-01-22 03:32:14,948][worker-0][INFO] Initialized CORS
[2024-01-22 03:32:14,948][worker-0][INFO] App Initialization is finished successfully
[2024-01-23 01:22:27,722][worker-0][INFO] Initialized logger with level 10 for worker 0
[2024-01-23 01:22:28,498][worker-0][INFO] Initialized CORS
[2024-01-23 01:22:28,499][worker-0][INFO] App Initialization is finished successfully
[2024-01-23 01:28:37,826][worker-0][INFO] Initialized logger with level 10 for worker 0
[2024-01-23 01:28:38,582][worker-0][INFO] Initialized CORS
[2024-01-23 01:28:38,583][worker-0][INFO] App Initialization is finished successfully
[2024-01-23 01:32:00,132][worker-0][INFO] Initialized logger with level 10 for worker 0
[2024-01-23 01:32:01,052][worker-0][INFO] Initialized CORS
[2024-01-23 01:32:01,053][worker-0][INFO] App Initialization is finished successfully
[2024-01-23 01:33:29,628][worker-0][INFO] Initialized logger with level 10 for worker 0
[2024-01-23 01:33:30,302][worker-0][INFO] Initialized CORS
[2024-01-23 01:33:30,302][worker-0][INFO] App Initialization is finished successfully
[2024-01-23 01:44:41,782][worker-0][INFO] Initialized logger with level 10 for worker 0
[2024-01-23 01:44:43,116][worker-0][INFO] Initialized CORS
[2024-01-23 01:44:43,116][worker-0][INFO] App Initialization is finished successfully
[2024-01-23 01:49:23,916][worker-0][INFO] Initialized logger with level 10 for worker 0
[2024-01-23 01:49:24,610][worker-0][INFO] Initialized CORS
[2024-01-23 01:49:24,611][worker-0][INFO] App Initialization is finished successfully
[2024-01-23 01:52:38,810][worker-0][INFO] Initialized logger with level 10 for worker 0
[2024-01-23 01:52:39,527][worker-0][INFO] Initialized CORS
[2024-01-23 01:52:39,527][worker-0][INFO] App Initialization is finished successfully
[2024-01-23 01:56:31,516][worker-0][INFO] Initialized logger with level 10 for worker 0
[2024-01-23 01:56:32,180][worker-0][INFO] Initialized CORS
[2024-01-23 01:56:32,180][worker-0][INFO] App Initialization is finished successfully
[2024-01-23 01:57:04,439][worker-0][INFO] Initialized logger with level 10 for worker 0
[2024-01-23 01:57:05,056][worker-0][INFO] Initialized CORS
[2024-01-23 01:57:05,056][worker-0][INFO] App Initialization is finished successfully
[2024-01-23 01:59:53,399][worker-0][INFO] Initialized logger with level 10 for worker 0
[2024-01-23 01:59:54,152][worker-0][INFO] Initialized CORS
[2024-01-23 01:59:54,153][worker-0][INFO] App Initialization is finished successfully
[2024-01-23 02:11:58,422][worker-0][INFO] Initialized logger with level 10 for worker 0
[2024-01-23 02:11:59,065][worker-0][INFO] Initialized CORS
[2024-01-23 02:11:59,066][worker-0][INFO] App Initialization is finished successfully
[2024-01-23 02:12:57,674][worker-0][INFO] Initialized logger with level 10 for worker 0
[2024-01-23 02:12:58,260][worker-0][INFO] Initialized CORS
[2024-01-23 02:12:58,261][worker-0][INFO] App Initialization is finished successfully
[2024-01-23 02:13:52,920][worker-0][INFO] Initialized logger with level 10 for worker 0
[2024-01-23 02:13:53,485][worker-0][INFO] Initialized CORS
[2024-01-23 02:13:53,486][worker-0][INFO] App Initialization is finished successfully
[2024-01-23 02:15:07,244][worker-0][INFO] Initialized logger with level 10 for worker 0
[2024-01-23 02:15:07,842][worker-0][INFO] Initialized CORS
[2024-01-23 02:15:07,843][worker-0][INFO] App Initialization is finished successfully
[2024-01-23 02:29:26,049][worker-0][INFO] Initialized logger with level 10 for worker 0
[2024-01-23 02:29:26,829][worker-0][INFO] Initialized CORS
[2024-01-23 02:29:26,830][worker-0][INFO] App Initialization is finished successfully
[2024-01-23 02:32:07,791][worker-0][INFO] Initialized logger with level 10 for worker 0
[2024-01-23 02:32:08,528][worker-0][INFO] Initialized CORS
[2024-01-23 02:32:08,529][worker-0][INFO] App Initialization is finished successfully
[2024-01-23 02:32:47,200][worker-0][INFO] Initialized logger with level 10 for worker 0
[2024-01-23 02:32:47,778][worker-0][INFO] Initialized CORS
[2024-01-23 02:32:47,779][worker-0][INFO] App Initialization is finished successfully
[2024-01-23 02:34:53,756][worker-0][INFO] Initialized logger with level 10 for worker 0
[2024-01-23 02:34:54,398][worker-0][INFO] Initialized CORS
[2024-01-23 02:34:54,399][worker-0][INFO] App Initialization is finished successfully
[2024-01-23 02:56:07,694][worker-0][INFO] Initialized logger with level 10 for worker 0
[2024-01-23 02:56:08,980][worker-0][INFO] Initialized CORS
[2024-01-23 02:56:08,980][worker-0][INFO] App Initialization is finished successfully
[2024-01-23 02:56:17,682][worker-0][INFO] Initialized logger with level 10 for worker 0
[2024-01-23 02:56:18,403][worker-0][INFO] Initialized CORS
[2024-01-23 02:56:18,403][worker-0][INFO] App Initialization is finished successfully
[2024-01-23 02:56:39,538][worker-0][INFO] Initialized logger with level 10 for worker 0
[2024-01-23 02:56:40,210][worker-0][INFO] Initialized CORS
[2024-01-23 02:56:40,210][worker-0][INFO] App Initialization is finished successfully
[2024-01-23 02:58:19,596][worker-0][INFO] Initialized logger with level 10 for worker 0
[2024-01-23 02:58:20,247][worker-0][INFO] Initialized CORS
[2024-01-23 02:58:20,247][worker-0][INFO] App Initialization is finished successfully
[2024-01-23 02:58:41,399][worker-0][INFO] Initialized logger with level 10 for worker 0
[2024-01-23 02:58:42,014][worker-0][INFO] Initialized CORS
[2024-01-23 02:58:42,014][worker-0][INFO] App Initialization is finished successfully
[2024-01-23 03:00:41,108][worker-0][INFO] Initialized logger with level 10 for worker 0
[2024-01-23 03:00:41,780][worker-0][INFO] Initialized CORS
[2024-01-23 03:00:41,780][worker-0][INFO] App Initialization is finished successfully
[2024-01-23 03:42:28,030][worker-0][INFO] Initialized logger with level 10 for worker 0
[2024-01-23 03:42:29,134][worker-0][INFO] Initialized CORS
[2024-01-23 03:42:29,134][worker-0][INFO] App Initialization is finished successfully
[2024-01-25 02:06:22,670][worker-0][INFO] Initialized logger with level 10 for worker 0
[2024-01-25 02:06:34,933][worker-0][INFO] Initialized CORS
[2024-01-25 02:06:34,934][worker-0][INFO] App Initialization is finished successfully
[2024-01-25 02:09:03,344][worker-0][INFO] Initialized logger with level 10 for worker 0
[2024-01-25 02:09:04,476][worker-0][INFO] Initialized CORS
[2024-01-25 02:09:04,476][worker-0][INFO] App Initialization is finished successfully
[2024-01-25 02:11:37,745][worker-0][INFO] Initialized logger with level 10 for worker 0
[2024-01-25 02:11:38,415][worker-0][INFO] Initialized CORS
[2024-01-25 02:11:38,416][worker-0][INFO] App Initialization is finished successfully
[2024-01-25 02:12:39,622][worker-0][INFO] Initialized logger with level 10 for worker 0
[2024-01-25 02:12:40,423][worker-0][INFO] Initialized CORS
[2024-01-25 02:12:40,423][worker-0][INFO] App Initialization is finished successfully
[2024-01-25 02:13:23,397][worker-0][INFO] Initialized logger with level 10 for worker 0
[2024-01-25 02:13:24,181][worker-0][INFO] Initialized CORS
[2024-01-25 02:13:24,182][worker-0][INFO] App Initialization is finished successfully
[2024-01-25 02:21:59,892][worker-0][INFO] Initialized logger with level 10 for worker 0
[2024-01-25 02:22:00,672][worker-0][INFO] Initialized CORS
[2024-01-25 02:22:00,673][worker-0][INFO] App Initialization is finished successfully
[2024-01-25 02:23:12,051][worker-0][INFO] Initialized logger with level 10 for worker 0
[2024-01-25 02:23:12,881][worker-0][INFO] Initialized CORS
[2024-01-25 02:23:12,881][worker-0][INFO] App Initialization is finished successfully
[2024-01-25 02:24:53,130][worker-0][INFO] Initialized logger with level 10 for worker 0
[2024-01-25 02:24:53,918][worker-0][INFO] Initialized CORS
[2024-01-25 02:24:53,918][worker-0][INFO] App Initialization is finished successfully
[2024-01-25 02:25:40,177][worker-0][INFO] Initialized logger with level 10 for worker 0
[2024-01-25 02:25:40,853][worker-0][INFO] Initialized CORS
[2024-01-25 02:25:40,853][worker-0][INFO] App Initialization is finished successfully
[2024-01-25 02:27:24,886][worker-0][INFO] Initialized logger with level 10 for worker 0
[2024-01-25 02:27:25,651][worker-0][INFO] Initialized CORS
[2024-01-25 02:27:25,651][worker-0][INFO] App Initialization is finished successfully
[2024-01-25 02:28:18,463][worker-0][INFO] Initialized logger with level 10 for worker 0
[2024-01-25 02:28:19,255][worker-0][INFO] Initialized CORS
[2024-01-25 02:28:19,256][worker-0][INFO] App Initialization is finished successfully
[2024-01-25 02:31:00,031][worker-0][INFO] Initialized logger with level 10 for worker 0
[2024-01-25 02:31:01,720][worker-0][INFO] Initialized CORS
[2024-01-25 02:31:01,720][worker-0][INFO] App Initialization is finished successfully
[2024-01-25 02:31:15,716][worker-0][INFO] Initialized logger with level 10 for worker 0
[2024-01-25 02:31:16,426][worker-0][INFO] Initialized CORS
[2024-01-25 02:31:16,427][worker-0][INFO] App Initialization is finished successfully
[2024-01-25 02:52:43,997][worker-0][INFO] Initialized logger with level 10 for worker 0
[2024-01-25 02:52:45,411][worker-0][INFO] Initialized CORS
[2024-01-25 02:52:45,412][worker-0][INFO] App Initialization is finished successfully
[2024-01-25 02:52:53,650][worker-0][INFO] Initialized logger with level 10 for worker 0
[2024-01-25 02:52:54,480][worker-0][INFO] Initialized CORS
[2024-01-25 02:52:54,480][worker-0][INFO] App Initialization is finished successfully
[2024-01-25 02:59:50,615][worker-0][INFO] Initialized logger with level 10 for worker 0
[2024-01-25 02:59:52,002][worker-0][INFO] Initialized CORS
[2024-01-25 02:59:52,003][worker-0][INFO] App Initialization is finished successfully
[2024-01-25 03:00:06,537][worker-0][INFO] Initialized logger with level 10 for worker 0
[2024-01-25 03:00:07,376][worker-0][INFO] Initialized CORS
[2024-01-25 03:00:07,377][worker-0][INFO] App Initialization is finished successfully
[2024-01-25 03:05:07,532][worker-0][INFO] Initialized logger with level 10 for worker 0
[2024-01-25 03:05:08,944][worker-0][INFO] Initialized CORS
[2024-01-25 03:05:08,944][worker-0][INFO] App Initialization is finished successfully
[2024-01-25 03:05:22,299][worker-0][INFO] Initialized logger with level 10 for worker 0
[2024-01-25 03:05:23,160][worker-0][INFO] Initialized CORS
[2024-01-25 03:05:23,160][worker-0][INFO] App Initialization is finished successfully
[2024-01-25 03:13:39,768][worker-0][INFO] Initialized logger with level 10 for worker 0
[2024-01-25 03:13:41,244][worker-0][INFO] Initialized CORS
[2024-01-25 03:13:41,245][worker-0][INFO] App Initialization is finished successfully
[2024-01-25 03:24:14,713][worker-0][INFO] Initialized logger with level 10 for worker 0
[2024-01-25 03:24:16,298][worker-0][INFO] Initialized CORS
[2024-01-25 03:24:16,299][worker-0][INFO] App Initialization is finished successfully
[2024-01-25 03:42:02,386][worker-0][INFO] Initialized logger with level 10 for worker 0
[2024-01-25 03:42:03,528][worker-0][INFO] Initialized CORS
[2024-01-25 03:42:03,528][worker-0][INFO] App Initialization is finished successfully
[2024-01-25 03:42:11,950][worker-0][INFO] Initialized logger with level 10 for worker 0
[2024-01-25 03:42:12,794][worker-0][INFO] Initialized CORS
[2024-01-25 03:42:12,794][worker-0][INFO] App Initialization is finished successfully
[2024-01-25 03:47:42,795][worker-0][INFO] Initialized logger with level 10 for worker 0
[2024-01-25 03:47:43,672][worker-0][INFO] Initialized CORS
[2024-01-25 03:47:43,673][worker-0][INFO] App Initialization is finished successfully
[2024-01-25 03:49:09,941][worker-0][INFO] Initialized logger with level 10 for worker 0
[2024-01-25 03:49:10,734][worker-0][INFO] Initialized CORS
[2024-01-25 03:49:10,735][worker-0][INFO] App Initialization is finished successfully
[2024-01-25 03:51:12,357][worker-0][INFO] Initialized logger with level 10 for worker 0
[2024-01-25 03:51:13,130][worker-0][INFO] Initialized CORS
[2024-01-25 03:51:13,131][worker-0][INFO] App Initialization is finished successfully
[2024-01-25 03:53:05,153][worker-0][INFO] Initialized logger with level 10 for worker 0
[2024-01-25 03:53:06,360][worker-0][INFO] Initialized CORS
[2024-01-25 03:53:06,360][worker-0][INFO] App Initialization is finished successfully
[2024-01-25 03:53:51,841][worker-0][INFO] Initialized logger with level 10 for worker 0
[2024-01-25 03:53:52,637][worker-0][INFO] Initialized CORS
[2024-01-25 03:53:52,637][worker-0][INFO] App Initialization is finished successfully
[2024-01-25 03:54:10,539][worker-0][INFO] Initialized logger with level 10 for worker 0
[2024-01-25 03:54:11,420][worker-0][INFO] Initialized CORS
[2024-01-25 03:54:11,420][worker-0][INFO] App Initialization is finished successfully
[2024-01-25 03:57:28,495][worker-0][INFO] Initialized logger with level 10 for worker 0
[2024-01-25 03:57:29,401][worker-0][INFO] Initialized CORS
[2024-01-25 03:57:29,402][worker-0][INFO] App Initialization is finished successfully
[2024-01-25 04:00:13,952][worker-0][INFO] Initialized logger with level 10 for worker 0
[2024-01-25 04:00:15,314][worker-0][INFO] Initialized CORS
[2024-01-25 04:00:15,314][worker-0][INFO] App Initialization is finished successfully
[2024-01-25 22:05:18,906][worker-0][INFO] Initialized logger with level 10 for worker 0
[2024-01-25 22:05:24,672][worker-0][INFO] Initialized CORS
[2024-01-25 22:05:24,673][worker-0][INFO] App Initialization is finished successfully
[2024-01-25 22:30:34,767][worker-0][INFO] Initialized logger with level 10 for worker 0
[2024-01-25 22:30:36,090][worker-0][INFO] Initialized CORS
[2024-01-25 22:30:36,090][worker-0][INFO] App Initialization is finished successfully
[2024-01-26 00:18:28,605][worker-0][INFO] Initialized logger with level 10 for worker 0
[2024-01-26 00:18:29,865][worker-0][INFO] Initialized CORS
[2024-01-26 00:18:29,865][worker-0][INFO] App Initialization is finished successfully
[2024-02-04 23:38:36,849][worker-0][INFO] Initialized logger with level 10 for worker 0
[2024-02-04 23:38:41,173][worker-0][ERROR] An error happened during initializing app components: No module named 'cv2'
[2024-02-04 23:39:43,962][worker-0][INFO] Initialized logger with level 10 for worker 0
[2024-02-04 23:39:49,050][worker-0][INFO] Initialized CORS
[2024-02-04 23:39:49,050][worker-0][INFO] App Initialization is finished successfully
[2024-02-05 21:33:45,852][worker-0][INFO] Initialized logger with level 10 for worker 0
[2024-02-05 21:33:46,456][worker-0][ERROR] An error happened during initializing app components: cannot import name 'get_tables_count_' from 'portal.packages' (/Users/sandeepkumarrudhravaram/WorkSpace/UntProjects/pdf_analyzer_prodv1/portal/packages/__init__.py)
[2024-02-05 21:34:53,716][worker-0][INFO] Initialized logger with level 10 for worker 0
[2024-02-05 21:34:54,215][worker-0][INFO] Initialized CORS
[2024-02-05 21:34:54,216][worker-0][INFO] App Initialization is finished successfully
[2024-02-05 21:35:24,531][worker-0][INFO] Initialized logger with level 10 for worker 0
[2024-02-05 21:35:25,170][worker-0][INFO] Initialized CORS
[2024-02-05 21:35:25,170][worker-0][INFO] App Initialization is finished successfully
[2024-02-06 00:26:22,428][worker-0][INFO] Initialized logger with level 10 for worker 0
[2024-02-06 00:26:23,070][worker-0][INFO] Initialized CORS
[2024-02-06 00:26:23,071][worker-0][INFO] App Initialization is finished successfully
[2024-02-06 02:05:57,170][worker-0][INFO] Initialized logger with level 10 for worker 0
[2024-02-06 02:05:59,930][worker-0][INFO] Initialized CORS
[2024-02-06 02:05:59,931][worker-0][INFO] App Initialization is finished successfully
[2024-02-06 02:07:46,537][worker-0][INFO] Initialized logger with level 10 for worker 0
[2024-02-06 02:07:48,865][worker-0][INFO] Initialized CORS
[2024-02-06 02:07:48,866][worker-0][INFO] App Initialization is finished successfully
[2024-02-06 02:14:50,256][worker-0][INFO] Initialized logger with level 10 for worker 0
[2024-02-06 02:14:53,229][worker-0][INFO] Initialized CORS
[2024-02-06 02:14:53,229][worker-0][INFO] App Initialization is finished successfully
[2024-02-06 02:16:50,420][worker-0][INFO] Initialized logger with level 10 for worker 0
[2024-02-06 02:16:52,963][worker-0][INFO] Initialized CORS
[2024-02-06 02:16:52,963][worker-0][INFO] App Initialization is finished successfully
[2024-02-06 11:03:41,269][worker-0][INFO] Initialized logger with level 10 for worker 0
[2024-02-06 11:03:42,124][worker-0][INFO] Initialized CORS
[2024-02-06 11:03:42,124][worker-0][INFO] App Initialization is finished successfully
[2024-02-12 18:45:57,286][worker-0][INFO] Initialized logger with level 10 for worker 0
[2024-02-12 18:45:57,346][worker-0][ERROR] An error happened during initializing app components: No module named 'portal.security'
[2024-02-12 18:46:09,551][worker-0][INFO] Initialized logger with level 10 for worker 0
[2024-02-12 18:46:10,408][worker-0][INFO] Initialized CORS
[2024-02-12 18:46:10,408][worker-0][INFO] App Initialization is finished successfully
[2024-02-12 18:49:04,206][worker-0][INFO] Initialized logger with level 10 for worker 0
[2024-02-12 18:49:05,220][worker-0][INFO] Initialized CORS
[2024-02-12 18:49:05,220][worker-0][INFO] App Initialization is finished successfully
[2024-02-12 18:49:36,396][worker-0][INFO] Initialized logger with level 10 for worker 0
[2024-02-12 18:49:36,877][worker-0][INFO] Initialized CORS
[2024-02-12 18:49:36,877][worker-0][INFO] App Initialization is finished successfully
[2024-02-12 18:51:08,921][worker-0][INFO] Initialized logger with level 10 for worker 0
[2024-02-12 18:51:09,465][worker-0][INFO] Initialized CORS
[2024-02-12 18:51:09,465][worker-0][INFO] App Initialization is finished successfully
[2024-02-12 21:49:34,135][worker-0][INFO] Initialized logger with level 10 for worker 0
[2024-02-12 21:49:35,217][worker-0][INFO] Initialized CORS
[2024-02-12 21:49:35,217][worker-0][INFO] App Initialization is finished successfully
[2024-02-12 21:50:52,511][worker-0][INFO] Initialized logger with level 10 for worker 0
[2024-02-12 21:50:53,101][worker-0][ERROR] An error happened during initializing app components: View function mapping is overwriting an existing endpoint function: view.preview
[2024-02-12 21:51:02,725][worker-0][INFO] Initialized logger with level 10 for worker 0
[2024-02-12 21:51:03,182][worker-0][INFO] Initialized CORS
[2024-02-12 21:51:03,182][worker-0][INFO] App Initialization is finished successfully
[2024-02-12 22:03:50,066][worker-0][INFO] Initialized logger with level 10 for worker 0
[2024-02-12 22:03:50,662][worker-0][INFO] Initialized CORS
[2024-02-12 22:03:50,663][worker-0][INFO] App Initialization is finished successfully
[2024-02-12 22:54:36,011][worker-0][INFO] Initialized logger with level 10 for worker 0
[2024-02-12 22:54:36,595][worker-0][INFO] Initialized CORS
[2024-02-12 22:54:36,596][worker-0][INFO] App Initialization is finished successfully
[2024-02-12 22:55:42,279][worker-0][INFO] Initialized logger with level 10 for worker 0
[2024-02-12 22:55:42,742][worker-0][INFO] Initialized CORS
[2024-02-12 22:55:42,742][worker-0][INFO] App Initialization is finished successfully
[2024-02-12 23:29:55,526][worker-0][INFO] Initialized logger with level 10 for worker 0
[2024-02-12 23:29:56,571][worker-0][INFO] Initialized CORS
[2024-02-12 23:29:56,571][worker-0][INFO] App Initialization is finished successfully
[2024-02-12 23:58:37,328][worker-0][INFO] Initialized logger with level 10 for worker 0
[2024-02-12 23:58:38,399][worker-0][INFO] Initialized CORS
[2024-02-12 23:58:38,399][worker-0][INFO] App Initialization is finished successfully
[2024-02-13 02:53:50,076][worker-0][INFO] Initialized logger with level 10 for worker 0
[2024-02-13 02:53:50,953][worker-0][INFO] Initialized CORS
[2024-02-13 02:53:50,954][worker-0][INFO] App Initialization is finished successfully
[2024-02-13 03:05:18,760][worker-0][INFO] Initialized logger with level 10 for worker 0
[2024-02-13 03:05:20,085][worker-0][INFO] Initialized CORS
[2024-02-13 03:05:20,085][worker-0][INFO] App Initialization is finished successfully
[2024-02-13 03:17:54,103][worker-0][INFO] Initialized logger with level 10 for worker 0
[2024-02-13 03:17:55,332][worker-0][INFO] Initialized CORS
[2024-02-13 03:17:55,333][worker-0][INFO] App Initialization is finished successfully
[2024-02-13 03:18:53,649][worker-0][INFO] Initialized logger with level 10 for worker 0
[2024-02-13 03:18:54,584][worker-0][INFO] Initialized CORS
[2024-02-13 03:18:54,584][worker-0][INFO] App Initialization is finished successfully
[2024-02-13 03:55:55,637][worker-0][INFO] Initialized logger with level 10 for worker 0
[2024-02-13 03:55:57,081][worker-0][INFO] Initialized CORS
[2024-02-13 03:55:57,081][worker-0][INFO] App Initialization is finished successfully
[2024-02-13 03:59:01,496][worker-0][INFO] Initialized logger with level 10 for worker 0
[2024-02-13 03:59:02,918][worker-0][INFO] Initialized CORS
[2024-02-13 03:59:02,918][worker-0][INFO] App Initialization is finished successfully
[2024-02-13 04:00:52,614][worker-0][INFO] Initialized logger with level 10 for worker 0
[2024-02-13 04:00:54,125][worker-0][INFO] Initialized CORS
[2024-02-13 04:00:54,125][worker-0][INFO] App Initialization is finished successfully
[2024-02-13 04:03:57,153][worker-0][INFO] Initialized logger with level 10 for worker 0
[2024-02-13 04:03:58,497][worker-0][INFO] Initialized CORS
[2024-02-13 04:03:58,497][worker-0][INFO] App Initialization is finished successfully
[2024-02-13 04:04:25,775][worker-0][INFO] Initialized logger with level 10 for worker 0
[2024-02-13 04:04:27,005][worker-0][INFO] Initialized CORS
[2024-02-13 04:04:27,005][worker-0][INFO] App Initialization is finished successfully
[2024-02-13 04:05:50,551][worker-0][INFO] Initialized logger with level 10 for worker 0
[2024-02-13 04:05:51,556][worker-0][INFO] Initialized CORS
[2024-02-13 04:05:51,556][worker-0][INFO] App Initialization is finished successfully
[2024-02-13 04:07:31,868][worker-0][INFO] Initialized logger with level 10 for worker 0
[2024-02-13 04:07:32,855][worker-0][INFO] Initialized CORS
[2024-02-13 04:07:32,855][worker-0][INFO] App Initialization is finished successfully
[2024-02-13 04:07:52,930][worker-0][INFO] Initialized logger with level 10 for worker 0
[2024-02-13 04:07:53,867][worker-0][INFO] Initialized CORS
[2024-02-13 04:07:53,867][worker-0][INFO] App Initialization is finished successfully
[2024-02-13 04:13:34,303][worker-0][INFO] Initialized logger with level 10 for worker 0
[2024-02-13 04:13:36,152][worker-0][INFO] Initialized CORS
[2024-02-13 04:13:36,153][worker-0][INFO] App Initialization is finished successfully
[2024-02-13 04:14:00,517][worker-0][INFO] Initialized logger with level 10 for worker 0
[2024-02-13 04:14:01,759][worker-0][INFO] Initialized CORS
[2024-02-13 04:14:01,760][worker-0][INFO] App Initialization is finished successfully
[2024-02-13 04:15:22,542][worker-0][INFO] Initialized logger with level 10 for worker 0
[2024-02-13 04:15:23,740][worker-0][INFO] Initialized CORS
[2024-02-13 04:15:23,741][worker-0][INFO] App Initialization is finished successfully
[2024-02-13 10:16:47,159][worker-0][INFO] Initialized logger with level 10 for worker 0
[2024-02-13 10:16:55,286][worker-0][INFO] Initialized CORS
[2024-02-13 10:16:55,287][worker-0][INFO] App Initialization is finished successfully
[2024-02-13 10:21:04,299][worker-0][INFO] Initialized logger with level 10 for worker 0
[2024-02-13 10:21:05,335][worker-0][INFO] Initialized CORS
[2024-02-13 10:21:05,335][worker-0][INFO] App Initialization is finished successfully
[2024-02-13 10:40:49,461][worker-0][INFO] Initialized logger with level 10 for worker 0
[2024-02-13 10:40:51,149][worker-0][ERROR] An error happened during initializing app components: View function mapping is overwriting an existing endpoint function: view.generate_report
[2024-02-13 10:41:16,216][worker-0][INFO] Initialized logger with level 10 for worker 0
[2024-02-13 10:41:17,486][worker-0][INFO] Initialized CORS
[2024-02-13 10:41:17,486][worker-0][INFO] App Initialization is finished successfully
[2024-02-13 10:59:32,922][worker-0][INFO] Initialized logger with level 10 for worker 0
[2024-02-13 10:59:34,376][worker-0][ERROR] An error happened during initializing app components: View function mapping is overwriting an existing endpoint function: view.generate_report
[2024-02-13 10:59:51,554][worker-0][INFO] Initialized logger with level 10 for worker 0
[2024-02-13 10:59:52,861][worker-0][INFO] Initialized CORS
[2024-02-13 10:59:52,861][worker-0][INFO] App Initialization is finished successfully
[2024-02-14 00:12:05,841][worker-0][INFO] Initialized logger with level 10 for worker 0
[2024-02-14 00:12:07,296][worker-0][INFO] Initialized CORS
[2024-02-14 00:12:07,296][worker-0][INFO] App Initialization is finished successfully
[2024-02-14 00:15:00,297][worker-0][INFO] Initialized logger with level 10 for worker 0
[2024-02-14 00:15:01,783][worker-0][INFO] Initialized CORS
[2024-02-14 00:15:01,784][worker-0][INFO] App Initialization is finished successfully
[2024-02-14 00:16:40,061][worker-0][INFO] Initialized logger with level 10 for worker 0
[2024-02-14 00:16:41,367][worker-0][INFO] Initialized CORS
[2024-02-14 00:16:41,367][worker-0][INFO] App Initialization is finished successfully
[2024-02-14 00:20:37,092][worker-0][INFO] Initialized logger with level 10 for worker 0
[2024-02-14 00:20:38,703][worker-0][INFO] Initialized CORS
[2024-02-14 00:20:38,703][worker-0][INFO] App Initialization is finished successfully
[2024-02-14 00:22:01,577][worker-0][INFO] Initialized logger with level 10 for worker 0
[2024-02-14 00:22:03,019][worker-0][INFO] Initialized CORS
[2024-02-14 00:22:03,019][worker-0][INFO] App Initialization is finished successfully
[2024-02-14 15:15:07,693][worker-0][INFO] Initialized logger with level 10 for worker 0
[2024-02-14 15:15:10,707][worker-0][INFO] Initialized CORS
[2024-02-14 15:15:10,708][worker-0][INFO] App Initialization is finished successfully
[2024-02-14 15:43:19,429][worker-0][INFO] Initialized logger with level 10 for worker 0
[2024-02-14 15:43:27,594][worker-0][ERROR] An error happened during initializing app components: No module named 'cv2'
[2024-02-14 15:44:08,489][worker-0][INFO] Initialized logger with level 10 for worker 0
[2024-02-14 15:44:10,332][worker-0][ERROR] An error happened during initializing app components: No module named 'colorspacious'
[2024-02-14 15:45:06,255][worker-0][INFO] Initialized logger with level 10 for worker 0
[2024-02-14 15:45:11,937][worker-0][INFO] Initialized CORS
[2024-02-14 15:45:11,937][worker-0][INFO] App Initialization is finished successfully
[2024-02-14 17:34:24,571][worker-0][INFO] Initialized logger with level 10 for worker 0
[2024-02-14 17:34:27,028][worker-0][INFO] Initialized CORS
[2024-02-14 17:34:27,028][worker-0][INFO] App Initialization is finished successfully
[2024-02-14 18:36:27,936][worker-0][INFO] Initialized logger with level 10 for worker 0
[2024-02-14 18:36:29,057][worker-0][INFO] Initialized CORS
[2024-02-14 18:36:29,058][worker-0][INFO] App Initialization is finished successfully
[2024-02-14 18:44:01,336][worker-0][INFO] Initialized logger with level 10 for worker 0
[2024-02-14 18:44:02,432][worker-0][INFO] Initialized CORS
[2024-02-14 18:44:02,432][worker-0][INFO] App Initialization is finished successfully
[2024-02-14 18:44:04,473][worker-0][INFO] Initialized logger with level 10 for worker 0
[2024-02-14 18:44:05,502][worker-0][INFO] Initialized CORS
[2024-02-14 18:44:05,502][worker-0][INFO] App Initialization is finished successfully
[2024-02-14 18:52:10,613][worker-0][INFO] Initialized logger with level 10 for worker 0
[2024-02-14 18:52:11,743][worker-0][INFO] Initialized CORS
[2024-02-14 18:52:11,743][worker-0][INFO] App Initialization is finished successfully
[2024-02-14 19:39:27,468][worker-0][INFO] Initialized logger with level 10 for worker 0
[2024-02-14 19:39:29,939][worker-0][INFO] Initialized CORS
[2024-02-14 19:39:29,939][worker-0][INFO] App Initialization is finished successfully
[2024-02-14 20:14:39,085][worker-0][INFO] Initialized logger with level 10 for worker 0
[2024-02-14 20:14:40,505][worker-0][INFO] Initialized CORS
[2024-02-14 20:14:40,506][worker-0][INFO] App Initialization is finished successfully
[2024-02-14 20:30:01,835][worker-0][INFO] Initialized logger with level 10 for worker 0
[2024-02-14 20:30:03,162][worker-0][INFO] Initialized CORS
[2024-02-14 20:30:03,162][worker-0][INFO] App Initialization is finished successfully
[2024-02-14 20:38:49,218][worker-0][INFO] Initialized logger with level 10 for worker 0
[2024-02-14 20:38:50,567][worker-0][INFO] Initialized CORS
[2024-02-14 20:38:50,567][worker-0][INFO] App Initialization is finished successfully
[2024-02-14 20:53:35,353][worker-0][INFO] Initialized logger with level 10 for worker 0
[2024-02-14 20:53:37,003][worker-0][INFO] Initialized CORS
[2024-02-14 20:53:37,003][worker-0][INFO] App Initialization is finished successfully
[2024-02-14 20:54:07,138][worker-0][INFO] Initialized logger with level 10 for worker 0
[2024-02-14 20:54:08,847][worker-0][INFO] Initialized CORS
[2024-02-14 20:54:08,847][worker-0][INFO] App Initialization is finished successfully
[2024-02-14 20:54:39,118][worker-0][INFO] Initialized logger with level 10 for worker 0
[2024-02-14 20:54:40,731][worker-0][INFO] Initialized CORS
[2024-02-14 20:54:40,732][worker-0][INFO] App Initialization is finished successfully
[2024-02-14 21:14:55,647][worker-0][INFO] Initialized logger with level 10 for worker 0
[2024-02-14 21:14:57,200][worker-0][INFO] Initialized CORS
[2024-02-14 21:14:57,200][worker-0][INFO] App Initialization is finished successfully
[2024-02-15 01:19:19,924][worker-0][INFO] Initialized logger with level 10 for worker 0
[2024-02-15 01:19:23,907][worker-0][INFO] Initialized CORS
[2024-02-15 01:19:23,907][worker-0][INFO] App Initialization is finished successfully
[2024-02-15 01:25:10,741][worker-0][INFO] Initialized logger with level 10 for worker 0
[2024-02-15 01:25:11,940][worker-0][INFO] Initialized logger with level 10 for worker 0
[2024-02-15 01:25:13,212][worker-0][INFO] Initialized logger with level 10 for worker 0
[2024-02-15 01:25:14,854][worker-0][INFO] Initialized CORS
[2024-02-15 01:25:14,855][worker-0][INFO] App Initialization is finished successfully
[2024-02-15 01:25:50,401][worker-0][INFO] Initialized logger with level 10 for worker 0
[2024-02-15 01:25:52,036][worker-0][INFO] Initialized CORS
[2024-02-15 01:25:52,036][worker-0][INFO] App Initialization is finished successfully
[2024-02-15 08:09:42,031][worker-0][INFO] Initialized logger with level 10 for worker 0
[2024-02-15 08:09:44,668][worker-0][INFO] Initialized CORS
[2024-02-15 08:09:44,668][worker-0][INFO] App Initialization is finished successfully
[2024-02-15 10:36:20,220][worker-0][INFO] Initialized logger with level 10 for worker 0
[2024-02-15 10:36:22,265][worker-0][INFO] Initialized CORS
[2024-02-15 10:36:22,265][worker-0][INFO] App Initialization is finished successfully
[2024-02-15 10:43:50,123][worker-0][INFO] Initialized logger with level 10 for worker 0
[2024-02-15 10:43:51,562][worker-0][INFO] Initialized CORS
[2024-02-15 10:43:51,562][worker-0][INFO] App Initialization is finished successfully
[2024-02-17 00:29:48,783][worker-0][INFO] Initialized logger with level 10 for worker 0
[2024-02-17 00:29:50,442][worker-0][INFO] Initialized CORS
[2024-02-17 00:29:50,442][worker-0][INFO] App Initialization is finished successfully
[2024-02-17 00:30:17,341][worker-0][INFO] Initialized logger with level 10 for worker 0
[2024-02-17 00:30:19,127][worker-0][INFO] Initialized CORS
[2024-02-17 00:30:19,127][worker-0][INFO] App Initialization is finished successfully
